2023-03-12 23:54:04.866 [restartedMain] ERROR org.apache.catalina.core.AprLifecycleListener - An incompatible version [1.2.8] of the APR based Apache Tomcat Native library is installed, while Tomcat requires version [1.2.14]
2023-03-12 23:54:04.995 [restartedMain] ERROR org.apache.catalina.core.AprLifecycleListener - An incompatible version [1.2.8] of the APR based Apache Tomcat Native library is installed, while Tomcat requires version [1.2.14]
2023-03-12 23:54:05.206 [restartedMain] ERROR org.apache.catalina.core.AprLifecycleListener - An incompatible version [1.2.8] of the APR based Apache Tomcat Native library is installed, while Tomcat requires version [1.2.14]
2023-03-12 23:54:19.776 [restartedMain] ERROR org.apache.catalina.core.AprLifecycleListener - An incompatible version [1.2.8] of the APR based Apache Tomcat Native library is installed, while Tomcat requires version [1.2.14]
2023-03-12 23:54:19.892 [restartedMain] ERROR org.apache.catalina.core.AprLifecycleListener - An incompatible version [1.2.8] of the APR based Apache Tomcat Native library is installed, while Tomcat requires version [1.2.14]
2023-03-12 23:54:20.034 [restartedMain] ERROR org.apache.catalina.core.AprLifecycleListener - An incompatible version [1.2.8] of the APR based Apache Tomcat Native library is installed, while Tomcat requires version [1.2.14]
2023-03-13 00:09:37.010 [restartedMain] ERROR org.apache.catalina.core.AprLifecycleListener - An incompatible version [1.2.8] of the APR based Apache Tomcat Native library is installed, while Tomcat requires version [1.2.14]
2023-03-13 00:09:37.139 [restartedMain] ERROR org.apache.catalina.core.AprLifecycleListener - An incompatible version [1.2.8] of the APR based Apache Tomcat Native library is installed, while Tomcat requires version [1.2.14]
2023-03-13 00:09:37.320 [restartedMain] ERROR org.apache.catalina.core.AprLifecycleListener - An incompatible version [1.2.8] of the APR based Apache Tomcat Native library is installed, while Tomcat requires version [1.2.14]
2023-03-13 00:09:39.760 [restartedMain] ERROR org.apache.catalina.core.AprLifecycleListener - An incompatible version [1.2.8] of the APR based Apache Tomcat Native library is installed, while Tomcat requires version [1.2.14]
2023-03-13 00:09:39.786 [restartedMain] ERROR o.s.b.diagnostics.LoggingFailureAnalysisReporter - 

***************************
APPLICATION FAILED TO START
***************************

Description:

Web server failed to start. Port 8202 was already in use.

Action:

Identify and stop the process that's listening on port 8202 or configure this application to listen on another port.

2023-03-13 00:09:45.024 [restartedMain] ERROR org.apache.catalina.core.AprLifecycleListener - An incompatible version [1.2.8] of the APR based Apache Tomcat Native library is installed, while Tomcat requires version [1.2.14]
2023-03-13 00:09:45.130 [restartedMain] ERROR org.apache.catalina.core.AprLifecycleListener - An incompatible version [1.2.8] of the APR based Apache Tomcat Native library is installed, while Tomcat requires version [1.2.14]
2023-03-13 00:09:45.269 [restartedMain] ERROR org.apache.catalina.core.AprLifecycleListener - An incompatible version [1.2.8] of the APR based Apache Tomcat Native library is installed, while Tomcat requires version [1.2.14]
2023-03-13 00:10:19.119 [restartedMain] ERROR org.apache.catalina.core.AprLifecycleListener - An incompatible version [1.2.8] of the APR based Apache Tomcat Native library is installed, while Tomcat requires version [1.2.14]
2023-03-13 00:10:19.228 [restartedMain] ERROR org.apache.catalina.core.AprLifecycleListener - An incompatible version [1.2.8] of the APR based Apache Tomcat Native library is installed, while Tomcat requires version [1.2.14]
2023-03-13 00:10:19.372 [restartedMain] ERROR org.apache.catalina.core.AprLifecycleListener - An incompatible version [1.2.8] of the APR based Apache Tomcat Native library is installed, while Tomcat requires version [1.2.14]
2023-03-13 00:10:21.207 [restartedMain] ERROR org.apache.catalina.core.AprLifecycleListener - An incompatible version [1.2.8] of the APR based Apache Tomcat Native library is installed, while Tomcat requires version [1.2.14]
2023-03-13 00:10:21.222 [restartedMain] ERROR o.s.b.diagnostics.LoggingFailureAnalysisReporter - 

***************************
APPLICATION FAILED TO START
***************************

Description:

Web server failed to start. Port 8202 was already in use.

Action:

Identify and stop the process that's listening on port 8202 or configure this application to listen on another port.

2023-03-13 00:12:32.009 [restartedMain] ERROR org.apache.catalina.core.AprLifecycleListener - An incompatible version [1.2.8] of the APR based Apache Tomcat Native library is installed, while Tomcat requires version [1.2.14]
2023-03-13 00:12:32.133 [restartedMain] ERROR org.apache.catalina.core.AprLifecycleListener - An incompatible version [1.2.8] of the APR based Apache Tomcat Native library is installed, while Tomcat requires version [1.2.14]
2023-03-13 00:12:32.300 [restartedMain] ERROR org.apache.catalina.core.AprLifecycleListener - An incompatible version [1.2.8] of the APR based Apache Tomcat Native library is installed, while Tomcat requires version [1.2.14]
2023-03-13 00:12:41.561 [restartedMain] ERROR org.apache.catalina.core.AprLifecycleListener - An incompatible version [1.2.8] of the APR based Apache Tomcat Native library is installed, while Tomcat requires version [1.2.14]
2023-03-13 00:12:41.824 [restartedMain] ERROR org.apache.catalina.core.AprLifecycleListener - An incompatible version [1.2.8] of the APR based Apache Tomcat Native library is installed, while Tomcat requires version [1.2.14]
2023-03-13 00:12:42.361 [restartedMain] ERROR org.apache.catalina.core.AprLifecycleListener - An incompatible version [1.2.8] of the APR based Apache Tomcat Native library is installed, while Tomcat requires version [1.2.14]
2023-03-13 08:39:33.909 [restartedMain] ERROR org.apache.catalina.core.AprLifecycleListener - An incompatible version [1.2.8] of the APR based Apache Tomcat Native library is installed, while Tomcat requires version [1.2.14]
2023-03-13 08:39:34.002 [restartedMain] ERROR org.apache.catalina.core.AprLifecycleListener - An incompatible version [1.2.8] of the APR based Apache Tomcat Native library is installed, while Tomcat requires version [1.2.14]
2023-03-13 08:39:34.139 [restartedMain] ERROR org.apache.catalina.core.AprLifecycleListener - An incompatible version [1.2.8] of the APR based Apache Tomcat Native library is installed, while Tomcat requires version [1.2.14]
2023-03-13 08:39:40.139 [restartedMain] ERROR org.apache.catalina.core.AprLifecycleListener - An incompatible version [1.2.8] of the APR based Apache Tomcat Native library is installed, while Tomcat requires version [1.2.14]
2023-03-13 08:39:40.230 [restartedMain] ERROR org.apache.catalina.core.AprLifecycleListener - An incompatible version [1.2.8] of the APR based Apache Tomcat Native library is installed, while Tomcat requires version [1.2.14]
2023-03-13 08:39:40.346 [restartedMain] ERROR org.apache.catalina.core.AprLifecycleListener - An incompatible version [1.2.8] of the APR based Apache Tomcat Native library is installed, while Tomcat requires version [1.2.14]
2023-03-13 10:59:54.461 [restartedMain] ERROR org.apache.catalina.core.AprLifecycleListener - An incompatible version [1.2.8] of the APR based Apache Tomcat Native library is installed, while Tomcat requires version [1.2.14]
2023-03-13 10:59:54.500 [restartedMain] ERROR org.apache.catalina.core.AprLifecycleListener - An incompatible version [1.2.8] of the APR based Apache Tomcat Native library is installed, while Tomcat requires version [1.2.14]
2023-03-13 10:59:54.593 [restartedMain] ERROR org.apache.catalina.core.AprLifecycleListener - An incompatible version [1.2.8] of the APR based Apache Tomcat Native library is installed, while Tomcat requires version [1.2.14]
2023-03-13 13:14:37.729 [restartedMain] ERROR org.apache.catalina.core.AprLifecycleListener - An incompatible version [1.2.8] of the APR based Apache Tomcat Native library is installed, while Tomcat requires version [1.2.14]
2023-03-13 13:14:37.759 [restartedMain] ERROR org.apache.catalina.core.AprLifecycleListener - An incompatible version [1.2.8] of the APR based Apache Tomcat Native library is installed, while Tomcat requires version [1.2.14]
2023-03-13 13:14:37.843 [restartedMain] ERROR org.apache.catalina.core.AprLifecycleListener - An incompatible version [1.2.8] of the APR based Apache Tomcat Native library is installed, while Tomcat requires version [1.2.14]
2023-03-13 13:16:04.486 [restartedMain] ERROR org.apache.catalina.core.AprLifecycleListener - An incompatible version [1.2.8] of the APR based Apache Tomcat Native library is installed, while Tomcat requires version [1.2.14]
2023-03-13 13:16:04.525 [restartedMain] ERROR org.apache.catalina.core.AprLifecycleListener - An incompatible version [1.2.8] of the APR based Apache Tomcat Native library is installed, while Tomcat requires version [1.2.14]
2023-03-13 13:16:04.609 [restartedMain] ERROR org.apache.catalina.core.AprLifecycleListener - An incompatible version [1.2.8] of the APR based Apache Tomcat Native library is installed, while Tomcat requires version [1.2.14]
2023-03-13 13:17:44.204 [restartedMain] ERROR org.apache.catalina.core.AprLifecycleListener - An incompatible version [1.2.8] of the APR based Apache Tomcat Native library is installed, while Tomcat requires version [1.2.14]
2023-03-13 13:17:44.221 [restartedMain] ERROR org.apache.catalina.core.AprLifecycleListener - An incompatible version [1.2.8] of the APR based Apache Tomcat Native library is installed, while Tomcat requires version [1.2.14]
2023-03-13 13:17:44.290 [restartedMain] ERROR org.apache.catalina.core.AprLifecycleListener - An incompatible version [1.2.8] of the APR based Apache Tomcat Native library is installed, while Tomcat requires version [1.2.14]
2023-03-13 13:28:35.937 [restartedMain] ERROR org.apache.catalina.core.AprLifecycleListener - An incompatible version [1.2.8] of the APR based Apache Tomcat Native library is installed, while Tomcat requires version [1.2.14]
2023-03-13 13:28:36.035 [restartedMain] ERROR org.apache.catalina.core.AprLifecycleListener - An incompatible version [1.2.8] of the APR based Apache Tomcat Native library is installed, while Tomcat requires version [1.2.14]
2023-03-13 13:28:36.150 [restartedMain] ERROR org.apache.catalina.core.AprLifecycleListener - An incompatible version [1.2.8] of the APR based Apache Tomcat Native library is installed, while Tomcat requires version [1.2.14]
2023-03-13 21:11:28.188 [restartedMain] ERROR org.apache.catalina.core.AprLifecycleListener - An incompatible version [1.2.8] of the APR based Apache Tomcat Native library is installed, while Tomcat requires version [1.2.14]
2023-03-13 21:11:28.282 [restartedMain] ERROR org.apache.catalina.core.AprLifecycleListener - An incompatible version [1.2.8] of the APR based Apache Tomcat Native library is installed, while Tomcat requires version [1.2.14]
2023-03-13 21:11:28.391 [restartedMain] ERROR org.apache.catalina.core.AprLifecycleListener - An incompatible version [1.2.8] of the APR based Apache Tomcat Native library is installed, while Tomcat requires version [1.2.14]
2023-03-13 21:11:46.478 [restartedMain] ERROR org.apache.catalina.core.AprLifecycleListener - An incompatible version [1.2.8] of the APR based Apache Tomcat Native library is installed, while Tomcat requires version [1.2.14]
2023-03-13 21:11:46.562 [restartedMain] ERROR org.apache.catalina.core.AprLifecycleListener - An incompatible version [1.2.8] of the APR based Apache Tomcat Native library is installed, while Tomcat requires version [1.2.14]
2023-03-13 21:11:46.664 [restartedMain] ERROR org.apache.catalina.core.AprLifecycleListener - An incompatible version [1.2.8] of the APR based Apache Tomcat Native library is installed, while Tomcat requires version [1.2.14]
2023-03-13 22:17:23.455 [restartedMain] ERROR org.apache.catalina.core.AprLifecycleListener - An incompatible version [1.2.8] of the APR based Apache Tomcat Native library is installed, while Tomcat requires version [1.2.14]
2023-03-13 22:17:23.495 [restartedMain] ERROR org.apache.catalina.core.AprLifecycleListener - An incompatible version [1.2.8] of the APR based Apache Tomcat Native library is installed, while Tomcat requires version [1.2.14]
2023-03-13 22:17:23.602 [restartedMain] ERROR org.apache.catalina.core.AprLifecycleListener - An incompatible version [1.2.8] of the APR based Apache Tomcat Native library is installed, while Tomcat requires version [1.2.14]
2023-03-13 22:17:23.757 [restartedMain] ERROR org.springframework.boot.SpringApplication - Application run failed
org.springframework.beans.factory.UnsatisfiedDependencyException: Error creating bean with name 'dictController': Unsatisfied dependency expressed through field 'dictService'; nested exception is org.springframework.beans.factory.BeanCreationException: Error creating bean with name 'dictServiceImpl' defined in file [E:\project\java\springboot\yygh_parent\service\service_cmn\target\classes\com\atguigu\yygh\cmn\service\impl\DictServiceImpl.class]: Instantiation of bean failed; nested exception is org.springframework.beans.BeanInstantiationException: Failed to instantiate [com.atguigu.yygh.cmn.service.impl.DictServiceImpl]: Constructor threw exception; nested exception is java.lang.TypeNotPresentException: Type com.atguigu.yygh.model.cmn.Dict not present
	at org.springframework.beans.factory.annotation.AutowiredAnnotationBeanPostProcessor$AutowiredFieldElement.inject(AutowiredAnnotationBeanPostProcessor.java:639)
	at org.springframework.beans.factory.annotation.InjectionMetadata.inject(InjectionMetadata.java:116)
	at org.springframework.beans.factory.annotation.AutowiredAnnotationBeanPostProcessor.postProcessProperties(AutowiredAnnotationBeanPostProcessor.java:397)
	at org.springframework.beans.factory.support.AbstractAutowireCapableBeanFactory.populateBean(AbstractAutowireCapableBeanFactory.java:1429)
	at org.springframework.beans.factory.support.AbstractAutowireCapableBeanFactory.doCreateBean(AbstractAutowireCapableBeanFactory.java:594)
	at org.springframework.beans.factory.support.AbstractAutowireCapableBeanFactory.createBean(AbstractAutowireCapableBeanFactory.java:517)
	at org.springframework.beans.factory.support.AbstractBeanFactory.lambda$doGetBean$0(AbstractBeanFactory.java:323)
	at org.springframework.beans.factory.support.DefaultSingletonBeanRegistry.getSingleton(DefaultSingletonBeanRegistry.java:222)
	at org.springframework.beans.factory.support.AbstractBeanFactory.doGetBean(AbstractBeanFactory.java:321)
	at org.springframework.beans.factory.support.AbstractBeanFactory.getBean(AbstractBeanFactory.java:202)
	at org.springframework.beans.factory.support.DefaultListableBeanFactory.preInstantiateSingletons(DefaultListableBeanFactory.java:879)
	at org.springframework.context.support.AbstractApplicationContext.finishBeanFactoryInitialization(AbstractApplicationContext.java:878)
	at org.springframework.context.support.AbstractApplicationContext.refresh(AbstractApplicationContext.java:550)
	at org.springframework.boot.web.servlet.context.ServletWebServerApplicationContext.refresh(ServletWebServerApplicationContext.java:141)
	at org.springframework.boot.SpringApplication.refresh(SpringApplication.java:747)
	at org.springframework.boot.SpringApplication.refreshContext(SpringApplication.java:397)
	at org.springframework.boot.SpringApplication.run(SpringApplication.java:315)
	at org.springframework.boot.SpringApplication.run(SpringApplication.java:1226)
	at org.springframework.boot.SpringApplication.run(SpringApplication.java:1215)
	at com.atguigu.yygh.cmn.ServiceCmnApplication.main(ServiceCmnApplication.java:13)
	at sun.reflect.NativeMethodAccessorImpl.invoke0(Native Method)
	at sun.reflect.NativeMethodAccessorImpl.invoke(NativeMethodAccessorImpl.java:62)
	at sun.reflect.DelegatingMethodAccessorImpl.invoke(DelegatingMethodAccessorImpl.java:43)
	at java.lang.reflect.Method.invoke(Method.java:498)
	at org.springframework.boot.devtools.restart.RestartLauncher.run(RestartLauncher.java:49)
Caused by: org.springframework.beans.factory.BeanCreationException: Error creating bean with name 'dictServiceImpl' defined in file [E:\project\java\springboot\yygh_parent\service\service_cmn\target\classes\com\atguigu\yygh\cmn\service\impl\DictServiceImpl.class]: Instantiation of bean failed; nested exception is org.springframework.beans.BeanInstantiationException: Failed to instantiate [com.atguigu.yygh.cmn.service.impl.DictServiceImpl]: Constructor threw exception; nested exception is java.lang.TypeNotPresentException: Type com.atguigu.yygh.model.cmn.Dict not present
	at org.springframework.beans.factory.support.AbstractAutowireCapableBeanFactory.instantiateBean(AbstractAutowireCapableBeanFactory.java:1320)
	at org.springframework.beans.factory.support.AbstractAutowireCapableBeanFactory.createBeanInstance(AbstractAutowireCapableBeanFactory.java:1214)
	at org.springframework.beans.factory.support.AbstractAutowireCapableBeanFactory.doCreateBean(AbstractAutowireCapableBeanFactory.java:557)
	at org.springframework.beans.factory.support.AbstractAutowireCapableBeanFactory.createBean(AbstractAutowireCapableBeanFactory.java:517)
	at org.springframework.beans.factory.support.AbstractBeanFactory.lambda$doGetBean$0(AbstractBeanFactory.java:323)
	at org.springframework.beans.factory.support.DefaultSingletonBeanRegistry.getSingleton(DefaultSingletonBeanRegistry.java:222)
	at org.springframework.beans.factory.support.AbstractBeanFactory.doGetBean(AbstractBeanFactory.java:321)
	at org.springframework.beans.factory.support.AbstractBeanFactory.getBean(AbstractBeanFactory.java:202)
	at org.springframework.beans.factory.config.DependencyDescriptor.resolveCandidate(DependencyDescriptor.java:276)
	at org.springframework.beans.factory.support.DefaultListableBeanFactory.doResolveDependency(DefaultListableBeanFactory.java:1287)
	at org.springframework.beans.factory.support.DefaultListableBeanFactory.resolveDependency(DefaultListableBeanFactory.java:1207)
	at org.springframework.beans.factory.annotation.AutowiredAnnotationBeanPostProcessor$AutowiredFieldElement.inject(AutowiredAnnotationBeanPostProcessor.java:636)
	... 24 common frames omitted
Caused by: org.springframework.beans.BeanInstantiationException: Failed to instantiate [com.atguigu.yygh.cmn.service.impl.DictServiceImpl]: Constructor threw exception; nested exception is java.lang.TypeNotPresentException: Type com.atguigu.yygh.model.cmn.Dict not present
	at org.springframework.beans.BeanUtils.instantiateClass(BeanUtils.java:213)
	at org.springframework.beans.factory.support.SimpleInstantiationStrategy.instantiate(SimpleInstantiationStrategy.java:87)
	at org.springframework.beans.factory.support.AbstractAutowireCapableBeanFactory.instantiateBean(AbstractAutowireCapableBeanFactory.java:1312)
	... 35 common frames omitted
Caused by: java.lang.TypeNotPresentException: Type com.atguigu.yygh.model.cmn.Dict not present
	at sun.reflect.generics.factory.CoreReflectionFactory.makeNamedType(CoreReflectionFactory.java:117)
	at sun.reflect.generics.visitor.Reifier.visitClassTypeSignature(Reifier.java:125)
	at sun.reflect.generics.tree.ClassTypeSignature.accept(ClassTypeSignature.java:49)
	at sun.reflect.generics.visitor.Reifier.reifyTypeArguments(Reifier.java:68)
	at sun.reflect.generics.visitor.Reifier.visitClassTypeSignature(Reifier.java:138)
	at sun.reflect.generics.tree.ClassTypeSignature.accept(ClassTypeSignature.java:49)
	at sun.reflect.generics.repository.ClassRepository.getSuperclass(ClassRepository.java:90)
	at java.lang.Class.getGenericSuperclass(Class.java:777)
	at com.baomidou.mybatisplus.core.toolkit.ReflectionKit.getSuperClassGenericType(ReflectionKit.java:149)
	at com.baomidou.mybatisplus.extension.service.impl.ServiceImpl.currentModelClass(ServiceImpl.java:82)
	at com.baomidou.mybatisplus.extension.service.impl.ServiceImpl.<init>(ServiceImpl.java:67)
	at com.atguigu.yygh.cmn.service.impl.DictServiceImpl.<init>(DictServiceImpl.java:34)
	at sun.reflect.NativeConstructorAccessorImpl.newInstance0(Native Method)
	at sun.reflect.NativeConstructorAccessorImpl.newInstance(NativeConstructorAccessorImpl.java:62)
	at sun.reflect.DelegatingConstructorAccessorImpl.newInstance(DelegatingConstructorAccessorImpl.java:45)
	at java.lang.reflect.Constructor.newInstance(Constructor.java:423)
	at org.springframework.beans.BeanUtils.instantiateClass(BeanUtils.java:200)
	... 37 common frames omitted
Caused by: java.lang.ClassNotFoundException: com.atguigu.yygh.model.cmn.Dict
	at java.net.URLClassLoader.findClass(URLClassLoader.java:381)
	at java.lang.ClassLoader.loadClass(ClassLoader.java:424)
	at sun.misc.Launcher$AppClassLoader.loadClass(Launcher.java:349)
	at java.lang.ClassLoader.loadClass(ClassLoader.java:357)
	at org.springframework.boot.devtools.restart.classloader.RestartClassLoader.loadClass(RestartClassLoader.java:144)
	at java.lang.ClassLoader.loadClass(ClassLoader.java:357)
	at java.lang.Class.forName0(Native Method)
	at java.lang.Class.forName(Class.java:348)
	at sun.reflect.generics.factory.CoreReflectionFactory.makeNamedType(CoreReflectionFactory.java:114)
	... 53 common frames omitted
2023-03-13 22:17:24.292 [restartedMain] ERROR org.apache.catalina.core.AprLifecycleListener - An incompatible version [1.2.8] of the APR based Apache Tomcat Native library is installed, while Tomcat requires version [1.2.14]
2023-03-13 22:17:24.438 [restartedMain] ERROR org.apache.catalina.core.AprLifecycleListener - An incompatible version [1.2.8] of the APR based Apache Tomcat Native library is installed, while Tomcat requires version [1.2.14]
2023-03-13 22:17:24.654 [restartedMain] ERROR org.apache.catalina.core.AprLifecycleListener - An incompatible version [1.2.8] of the APR based Apache Tomcat Native library is installed, while Tomcat requires version [1.2.14]
2023-03-13 22:17:26.385 [restartedMain] ERROR org.apache.catalina.core.AprLifecycleListener - An incompatible version [1.2.8] of the APR based Apache Tomcat Native library is installed, while Tomcat requires version [1.2.14]
2023-03-13 22:17:26.428 [restartedMain] ERROR org.apache.catalina.core.AprLifecycleListener - An incompatible version [1.2.8] of the APR based Apache Tomcat Native library is installed, while Tomcat requires version [1.2.14]
2023-03-13 22:17:26.524 [restartedMain] ERROR org.apache.catalina.core.AprLifecycleListener - An incompatible version [1.2.8] of the APR based Apache Tomcat Native library is installed, while Tomcat requires version [1.2.14]
2023-03-13 22:17:28.410 [restartedMain] ERROR org.apache.catalina.core.AprLifecycleListener - An incompatible version [1.2.8] of the APR based Apache Tomcat Native library is installed, while Tomcat requires version [1.2.14]
2023-03-13 22:17:28.428 [restartedMain] ERROR org.apache.catalina.core.AprLifecycleListener - An incompatible version [1.2.8] of the APR based Apache Tomcat Native library is installed, while Tomcat requires version [1.2.14]
2023-03-13 22:17:28.492 [restartedMain] ERROR org.apache.catalina.core.AprLifecycleListener - An incompatible version [1.2.8] of the APR based Apache Tomcat Native library is installed, while Tomcat requires version [1.2.14]
2023-03-13 22:18:07.883 [restartedMain] ERROR org.apache.catalina.core.AprLifecycleListener - An incompatible version [1.2.8] of the APR based Apache Tomcat Native library is installed, while Tomcat requires version [1.2.14]
2023-03-13 22:18:08.005 [restartedMain] ERROR org.apache.catalina.core.AprLifecycleListener - An incompatible version [1.2.8] of the APR based Apache Tomcat Native library is installed, while Tomcat requires version [1.2.14]
2023-03-13 22:18:08.137 [restartedMain] ERROR org.apache.catalina.core.AprLifecycleListener - An incompatible version [1.2.8] of the APR based Apache Tomcat Native library is installed, while Tomcat requires version [1.2.14]
2023-03-13 22:18:12.144 [restartedMain] ERROR org.apache.catalina.core.AprLifecycleListener - An incompatible version [1.2.8] of the APR based Apache Tomcat Native library is installed, while Tomcat requires version [1.2.14]
2023-03-13 22:18:12.245 [restartedMain] ERROR org.apache.catalina.core.AprLifecycleListener - An incompatible version [1.2.8] of the APR based Apache Tomcat Native library is installed, while Tomcat requires version [1.2.14]
2023-03-13 22:18:12.355 [restartedMain] ERROR org.apache.catalina.core.AprLifecycleListener - An incompatible version [1.2.8] of the APR based Apache Tomcat Native library is installed, while Tomcat requires version [1.2.14]
2023-03-13 22:25:26.862 [restartedMain] ERROR org.apache.catalina.core.AprLifecycleListener - An incompatible version [1.2.8] of the APR based Apache Tomcat Native library is installed, while Tomcat requires version [1.2.14]
2023-03-13 22:25:26.888 [restartedMain] ERROR org.apache.catalina.core.AprLifecycleListener - An incompatible version [1.2.8] of the APR based Apache Tomcat Native library is installed, while Tomcat requires version [1.2.14]
2023-03-13 22:25:26.951 [restartedMain] ERROR org.apache.catalina.core.AprLifecycleListener - An incompatible version [1.2.8] of the APR based Apache Tomcat Native library is installed, while Tomcat requires version [1.2.14]
2023-03-13 22:27:42.460 [restartedMain] ERROR org.apache.catalina.core.AprLifecycleListener - An incompatible version [1.2.8] of the APR based Apache Tomcat Native library is installed, while Tomcat requires version [1.2.14]
2023-03-13 22:27:42.480 [restartedMain] ERROR org.apache.catalina.core.AprLifecycleListener - An incompatible version [1.2.8] of the APR based Apache Tomcat Native library is installed, while Tomcat requires version [1.2.14]
2023-03-13 22:27:42.522 [restartedMain] ERROR org.apache.catalina.core.AprLifecycleListener - An incompatible version [1.2.8] of the APR based Apache Tomcat Native library is installed, while Tomcat requires version [1.2.14]
2023-03-13 22:27:54.395 [restartedMain] ERROR org.apache.catalina.core.AprLifecycleListener - An incompatible version [1.2.8] of the APR based Apache Tomcat Native library is installed, while Tomcat requires version [1.2.14]
2023-03-13 22:27:54.423 [restartedMain] ERROR org.apache.catalina.core.AprLifecycleListener - An incompatible version [1.2.8] of the APR based Apache Tomcat Native library is installed, while Tomcat requires version [1.2.14]
2023-03-13 22:27:54.465 [restartedMain] ERROR org.apache.catalina.core.AprLifecycleListener - An incompatible version [1.2.8] of the APR based Apache Tomcat Native library is installed, while Tomcat requires version [1.2.14]
2023-03-13 22:28:14.997 [restartedMain] ERROR org.apache.catalina.core.AprLifecycleListener - An incompatible version [1.2.8] of the APR based Apache Tomcat Native library is installed, while Tomcat requires version [1.2.14]
2023-03-13 22:28:15.126 [restartedMain] ERROR org.apache.catalina.core.AprLifecycleListener - An incompatible version [1.2.8] of the APR based Apache Tomcat Native library is installed, while Tomcat requires version [1.2.14]
2023-03-13 22:28:15.313 [restartedMain] ERROR org.apache.catalina.core.AprLifecycleListener - An incompatible version [1.2.8] of the APR based Apache Tomcat Native library is installed, while Tomcat requires version [1.2.14]
2023-03-13 22:28:19.599 [restartedMain] ERROR org.apache.catalina.core.AprLifecycleListener - An incompatible version [1.2.8] of the APR based Apache Tomcat Native library is installed, while Tomcat requires version [1.2.14]
2023-03-13 22:28:19.684 [restartedMain] ERROR org.apache.catalina.core.AprLifecycleListener - An incompatible version [1.2.8] of the APR based Apache Tomcat Native library is installed, while Tomcat requires version [1.2.14]
2023-03-13 22:28:19.783 [restartedMain] ERROR org.apache.catalina.core.AprLifecycleListener - An incompatible version [1.2.8] of the APR based Apache Tomcat Native library is installed, while Tomcat requires version [1.2.14]
2023-03-13 22:49:13.731 [restartedMain] ERROR org.apache.catalina.core.AprLifecycleListener - An incompatible version [1.2.8] of the APR based Apache Tomcat Native library is installed, while Tomcat requires version [1.2.14]
2023-03-13 22:49:13.912 [restartedMain] ERROR org.apache.catalina.core.AprLifecycleListener - An incompatible version [1.2.8] of the APR based Apache Tomcat Native library is installed, while Tomcat requires version [1.2.14]
2023-03-13 22:49:14.079 [restartedMain] ERROR org.apache.catalina.core.AprLifecycleListener - An incompatible version [1.2.8] of the APR based Apache Tomcat Native library is installed, while Tomcat requires version [1.2.14]
2023-03-13 22:49:18.255 [restartedMain] ERROR org.apache.catalina.core.AprLifecycleListener - An incompatible version [1.2.8] of the APR based Apache Tomcat Native library is installed, while Tomcat requires version [1.2.14]
2023-03-13 22:49:18.351 [restartedMain] ERROR org.apache.catalina.core.AprLifecycleListener - An incompatible version [1.2.8] of the APR based Apache Tomcat Native library is installed, while Tomcat requires version [1.2.14]
2023-03-13 22:49:18.462 [restartedMain] ERROR org.apache.catalina.core.AprLifecycleListener - An incompatible version [1.2.8] of the APR based Apache Tomcat Native library is installed, while Tomcat requires version [1.2.14]
2023-03-13 23:06:59.281 [restartedMain] ERROR org.apache.catalina.core.AprLifecycleListener - An incompatible version [1.2.8] of the APR based Apache Tomcat Native library is installed, while Tomcat requires version [1.2.14]
2023-03-13 23:06:59.517 [restartedMain] ERROR org.apache.catalina.core.AprLifecycleListener - An incompatible version [1.2.8] of the APR based Apache Tomcat Native library is installed, while Tomcat requires version [1.2.14]
2023-03-13 23:06:59.737 [restartedMain] ERROR org.apache.catalina.core.AprLifecycleListener - An incompatible version [1.2.8] of the APR based Apache Tomcat Native library is installed, while Tomcat requires version [1.2.14]
2023-03-13 23:07:04.410 [restartedMain] ERROR org.apache.catalina.core.AprLifecycleListener - An incompatible version [1.2.8] of the APR based Apache Tomcat Native library is installed, while Tomcat requires version [1.2.14]
2023-03-13 23:07:04.516 [restartedMain] ERROR org.apache.catalina.core.AprLifecycleListener - An incompatible version [1.2.8] of the APR based Apache Tomcat Native library is installed, while Tomcat requires version [1.2.14]
2023-03-13 23:07:04.646 [restartedMain] ERROR org.apache.catalina.core.AprLifecycleListener - An incompatible version [1.2.8] of the APR based Apache Tomcat Native library is installed, while Tomcat requires version [1.2.14]
2023-03-13 23:30:08.944 [restartedMain] ERROR org.apache.catalina.core.AprLifecycleListener - An incompatible version [1.2.8] of the APR based Apache Tomcat Native library is installed, while Tomcat requires version [1.2.14]
2023-03-13 23:30:14.435 [restartedMain] ERROR org.apache.catalina.core.AprLifecycleListener - An incompatible version [1.2.8] of the APR based Apache Tomcat Native library is installed, while Tomcat requires version [1.2.14]
2023-03-13 23:30:14.557 [restartedMain] ERROR org.apache.catalina.core.AprLifecycleListener - An incompatible version [1.2.8] of the APR based Apache Tomcat Native library is installed, while Tomcat requires version [1.2.14]
2023-03-13 23:30:14.692 [restartedMain] ERROR org.apache.catalina.core.AprLifecycleListener - An incompatible version [1.2.8] of the APR based Apache Tomcat Native library is installed, while Tomcat requires version [1.2.14]
2023-03-13 23:30:23.711 [restartedMain] ERROR org.apache.catalina.core.AprLifecycleListener - An incompatible version [1.2.8] of the APR based Apache Tomcat Native library is installed, while Tomcat requires version [1.2.14]
2023-03-13 23:30:23.826 [restartedMain] ERROR org.apache.catalina.core.AprLifecycleListener - An incompatible version [1.2.8] of the APR based Apache Tomcat Native library is installed, while Tomcat requires version [1.2.14]
2023-03-13 23:30:23.969 [restartedMain] ERROR org.apache.catalina.core.AprLifecycleListener - An incompatible version [1.2.8] of the APR based Apache Tomcat Native library is installed, while Tomcat requires version [1.2.14]
2023-03-13 23:31:38.349 [restartedMain] ERROR org.apache.catalina.core.AprLifecycleListener - An incompatible version [1.2.8] of the APR based Apache Tomcat Native library is installed, while Tomcat requires version [1.2.14]
2023-03-13 23:31:38.472 [restartedMain] ERROR org.apache.catalina.core.AprLifecycleListener - An incompatible version [1.2.8] of the APR based Apache Tomcat Native library is installed, while Tomcat requires version [1.2.14]
2023-03-13 23:31:38.600 [restartedMain] ERROR org.apache.catalina.core.AprLifecycleListener - An incompatible version [1.2.8] of the APR based Apache Tomcat Native library is installed, while Tomcat requires version [1.2.14]
2023-03-13 23:31:43.232 [restartedMain] ERROR org.apache.catalina.core.AprLifecycleListener - An incompatible version [1.2.8] of the APR based Apache Tomcat Native library is installed, while Tomcat requires version [1.2.14]
2023-03-13 23:31:43.361 [restartedMain] ERROR org.apache.catalina.core.AprLifecycleListener - An incompatible version [1.2.8] of the APR based Apache Tomcat Native library is installed, while Tomcat requires version [1.2.14]
2023-03-13 23:31:43.494 [restartedMain] ERROR org.apache.catalina.core.AprLifecycleListener - An incompatible version [1.2.8] of the APR based Apache Tomcat Native library is installed, while Tomcat requires version [1.2.14]
2023-03-13 23:50:19.791 [restartedMain] ERROR org.apache.catalina.core.AprLifecycleListener - An incompatible version [1.2.8] of the APR based Apache Tomcat Native library is installed, while Tomcat requires version [1.2.14]
2023-03-13 23:50:19.912 [restartedMain] ERROR org.apache.catalina.core.AprLifecycleListener - An incompatible version [1.2.8] of the APR based Apache Tomcat Native library is installed, while Tomcat requires version [1.2.14]
2023-03-13 23:50:20.055 [restartedMain] ERROR org.apache.catalina.core.AprLifecycleListener - An incompatible version [1.2.8] of the APR based Apache Tomcat Native library is installed, while Tomcat requires version [1.2.14]
2023-03-13 23:50:24.463 [restartedMain] ERROR org.apache.catalina.core.AprLifecycleListener - An incompatible version [1.2.8] of the APR based Apache Tomcat Native library is installed, while Tomcat requires version [1.2.14]
2023-03-13 23:50:24.628 [restartedMain] ERROR org.apache.catalina.core.AprLifecycleListener - An incompatible version [1.2.8] of the APR based Apache Tomcat Native library is installed, while Tomcat requires version [1.2.14]
2023-03-13 23:50:24.788 [restartedMain] ERROR org.apache.catalina.core.AprLifecycleListener - An incompatible version [1.2.8] of the APR based Apache Tomcat Native library is installed, while Tomcat requires version [1.2.14]
