2023-03-09 08:34:16.562 [restartedMain] ERROR org.apache.catalina.core.AprLifecycleListener - An incompatible version [1.2.8] of the APR based Apache Tomcat Native library is installed, while Tomcat requires version [1.2.14]
2023-03-09 08:34:16.656 [restartedMain] ERROR org.apache.catalina.core.AprLifecycleListener - An incompatible version [1.2.8] of the APR based Apache Tomcat Native library is installed, while Tomcat requires version [1.2.14]
2023-03-09 08:34:16.803 [restartedMain] ERROR org.apache.catalina.core.AprLifecycleListener - An incompatible version [1.2.8] of the APR based Apache Tomcat Native library is installed, while Tomcat requires version [1.2.14]
2023-03-09 09:38:53.018 [restartedMain] ERROR org.apache.catalina.core.AprLifecycleListener - An incompatible version [1.2.8] of the APR based Apache Tomcat Native library is installed, while Tomcat requires version [1.2.14]
2023-03-09 09:38:53.115 [restartedMain] ERROR org.apache.catalina.core.AprLifecycleListener - An incompatible version [1.2.8] of the APR based Apache Tomcat Native library is installed, while Tomcat requires version [1.2.14]
2023-03-09 09:38:53.250 [restartedMain] ERROR org.apache.catalina.core.AprLifecycleListener - An incompatible version [1.2.8] of the APR based Apache Tomcat Native library is installed, while Tomcat requires version [1.2.14]
2023-03-09 09:40:44.639 [restartedMain] ERROR org.apache.catalina.core.AprLifecycleListener - An incompatible version [1.2.8] of the APR based Apache Tomcat Native library is installed, while Tomcat requires version [1.2.14]
2023-03-09 09:40:44.664 [restartedMain] ERROR org.apache.catalina.core.AprLifecycleListener - An incompatible version [1.2.8] of the APR based Apache Tomcat Native library is installed, while Tomcat requires version [1.2.14]
2023-03-09 09:40:44.716 [restartedMain] ERROR org.apache.catalina.core.AprLifecycleListener - An incompatible version [1.2.8] of the APR based Apache Tomcat Native library is installed, while Tomcat requires version [1.2.14]
2023-03-09 09:40:58.301 [restartedMain] ERROR org.apache.catalina.core.AprLifecycleListener - An incompatible version [1.2.8] of the APR based Apache Tomcat Native library is installed, while Tomcat requires version [1.2.14]
2023-03-09 09:40:58.390 [restartedMain] ERROR org.apache.catalina.core.AprLifecycleListener - An incompatible version [1.2.8] of the APR based Apache Tomcat Native library is installed, while Tomcat requires version [1.2.14]
2023-03-09 09:40:58.493 [restartedMain] ERROR org.apache.catalina.core.AprLifecycleListener - An incompatible version [1.2.8] of the APR based Apache Tomcat Native library is installed, while Tomcat requires version [1.2.14]
2023-03-09 09:43:54.420 [restartedMain] ERROR org.apache.catalina.core.AprLifecycleListener - An incompatible version [1.2.8] of the APR based Apache Tomcat Native library is installed, while Tomcat requires version [1.2.14]
2023-03-09 09:43:54.501 [restartedMain] ERROR org.apache.catalina.core.AprLifecycleListener - An incompatible version [1.2.8] of the APR based Apache Tomcat Native library is installed, while Tomcat requires version [1.2.14]
2023-03-09 09:43:54.599 [restartedMain] ERROR org.apache.catalina.core.AprLifecycleListener - An incompatible version [1.2.8] of the APR based Apache Tomcat Native library is installed, while Tomcat requires version [1.2.14]
2023-03-09 09:43:59.873 [restartedMain] ERROR org.apache.catalina.core.AprLifecycleListener - An incompatible version [1.2.8] of the APR based Apache Tomcat Native library is installed, while Tomcat requires version [1.2.14]
2023-03-09 09:43:59.981 [restartedMain] ERROR org.apache.catalina.core.AprLifecycleListener - An incompatible version [1.2.8] of the APR based Apache Tomcat Native library is installed, while Tomcat requires version [1.2.14]
2023-03-09 09:44:00.092 [restartedMain] ERROR org.apache.catalina.core.AprLifecycleListener - An incompatible version [1.2.8] of the APR based Apache Tomcat Native library is installed, while Tomcat requires version [1.2.14]
2023-03-09 09:45:16.579 [restartedMain] ERROR org.apache.catalina.core.AprLifecycleListener - An incompatible version [1.2.8] of the APR based Apache Tomcat Native library is installed, while Tomcat requires version [1.2.14]
2023-03-09 09:45:16.659 [restartedMain] ERROR org.apache.catalina.core.AprLifecycleListener - An incompatible version [1.2.8] of the APR based Apache Tomcat Native library is installed, while Tomcat requires version [1.2.14]
2023-03-09 09:45:16.771 [restartedMain] ERROR org.apache.catalina.core.AprLifecycleListener - An incompatible version [1.2.8] of the APR based Apache Tomcat Native library is installed, while Tomcat requires version [1.2.14]
2023-03-09 09:46:48.880 [restartedMain] ERROR org.apache.catalina.core.AprLifecycleListener - An incompatible version [1.2.8] of the APR based Apache Tomcat Native library is installed, while Tomcat requires version [1.2.14]
2023-03-09 09:46:48.977 [restartedMain] ERROR org.apache.catalina.core.AprLifecycleListener - An incompatible version [1.2.8] of the APR based Apache Tomcat Native library is installed, while Tomcat requires version [1.2.14]
2023-03-09 09:46:49.146 [restartedMain] ERROR org.apache.catalina.core.AprLifecycleListener - An incompatible version [1.2.8] of the APR based Apache Tomcat Native library is installed, while Tomcat requires version [1.2.14]
2023-03-09 09:47:11.321 [restartedMain] ERROR org.apache.catalina.core.AprLifecycleListener - An incompatible version [1.2.8] of the APR based Apache Tomcat Native library is installed, while Tomcat requires version [1.2.14]
2023-03-09 09:47:11.409 [restartedMain] ERROR org.apache.catalina.core.AprLifecycleListener - An incompatible version [1.2.8] of the APR based Apache Tomcat Native library is installed, while Tomcat requires version [1.2.14]
2023-03-09 09:47:11.512 [restartedMain] ERROR org.apache.catalina.core.AprLifecycleListener - An incompatible version [1.2.8] of the APR based Apache Tomcat Native library is installed, while Tomcat requires version [1.2.14]
2023-03-09 09:47:27.921 [restartedMain] ERROR org.apache.catalina.core.AprLifecycleListener - An incompatible version [1.2.8] of the APR based Apache Tomcat Native library is installed, while Tomcat requires version [1.2.14]
2023-03-09 09:47:28.013 [restartedMain] ERROR org.apache.catalina.core.AprLifecycleListener - An incompatible version [1.2.8] of the APR based Apache Tomcat Native library is installed, while Tomcat requires version [1.2.14]
2023-03-09 09:47:28.122 [restartedMain] ERROR org.apache.catalina.core.AprLifecycleListener - An incompatible version [1.2.8] of the APR based Apache Tomcat Native library is installed, while Tomcat requires version [1.2.14]
2023-03-09 09:47:39.537 [restartedMain] ERROR org.apache.catalina.core.AprLifecycleListener - An incompatible version [1.2.8] of the APR based Apache Tomcat Native library is installed, while Tomcat requires version [1.2.14]
2023-03-09 09:47:39.618 [restartedMain] ERROR org.apache.catalina.core.AprLifecycleListener - An incompatible version [1.2.8] of the APR based Apache Tomcat Native library is installed, while Tomcat requires version [1.2.14]
2023-03-09 09:47:39.715 [restartedMain] ERROR org.apache.catalina.core.AprLifecycleListener - An incompatible version [1.2.8] of the APR based Apache Tomcat Native library is installed, while Tomcat requires version [1.2.14]
2023-03-09 09:56:04.861 [restartedMain] ERROR org.apache.catalina.core.AprLifecycleListener - An incompatible version [1.2.8] of the APR based Apache Tomcat Native library is installed, while Tomcat requires version [1.2.14]
2023-03-09 09:56:04.952 [restartedMain] ERROR org.apache.catalina.core.AprLifecycleListener - An incompatible version [1.2.8] of the APR based Apache Tomcat Native library is installed, while Tomcat requires version [1.2.14]
2023-03-09 09:56:05.065 [restartedMain] ERROR org.apache.catalina.core.AprLifecycleListener - An incompatible version [1.2.8] of the APR based Apache Tomcat Native library is installed, while Tomcat requires version [1.2.14]
2023-03-09 09:56:09.807 [restartedMain] ERROR org.apache.catalina.core.AprLifecycleListener - An incompatible version [1.2.8] of the APR based Apache Tomcat Native library is installed, while Tomcat requires version [1.2.14]
2023-03-09 09:56:09.889 [restartedMain] ERROR org.apache.catalina.core.AprLifecycleListener - An incompatible version [1.2.8] of the APR based Apache Tomcat Native library is installed, while Tomcat requires version [1.2.14]
2023-03-09 09:56:09.992 [restartedMain] ERROR org.apache.catalina.core.AprLifecycleListener - An incompatible version [1.2.8] of the APR based Apache Tomcat Native library is installed, while Tomcat requires version [1.2.14]
2023-03-09 10:04:01.925 [restartedMain] ERROR org.apache.catalina.core.AprLifecycleListener - An incompatible version [1.2.8] of the APR based Apache Tomcat Native library is installed, while Tomcat requires version [1.2.14]
2023-03-09 10:04:02.039 [restartedMain] ERROR org.apache.catalina.core.AprLifecycleListener - An incompatible version [1.2.8] of the APR based Apache Tomcat Native library is installed, while Tomcat requires version [1.2.14]
2023-03-09 10:04:02.187 [restartedMain] ERROR org.apache.catalina.core.AprLifecycleListener - An incompatible version [1.2.8] of the APR based Apache Tomcat Native library is installed, while Tomcat requires version [1.2.14]
2023-03-09 10:04:07.283 [restartedMain] ERROR org.apache.catalina.core.AprLifecycleListener - An incompatible version [1.2.8] of the APR based Apache Tomcat Native library is installed, while Tomcat requires version [1.2.14]
2023-03-09 10:04:07.367 [restartedMain] ERROR org.apache.catalina.core.AprLifecycleListener - An incompatible version [1.2.8] of the APR based Apache Tomcat Native library is installed, while Tomcat requires version [1.2.14]
2023-03-09 10:04:07.471 [restartedMain] ERROR org.apache.catalina.core.AprLifecycleListener - An incompatible version [1.2.8] of the APR based Apache Tomcat Native library is installed, while Tomcat requires version [1.2.14]
2023-03-09 10:05:20.897 [restartedMain] ERROR org.apache.catalina.core.AprLifecycleListener - An incompatible version [1.2.8] of the APR based Apache Tomcat Native library is installed, while Tomcat requires version [1.2.14]
2023-03-09 10:05:20.989 [restartedMain] ERROR org.apache.catalina.core.AprLifecycleListener - An incompatible version [1.2.8] of the APR based Apache Tomcat Native library is installed, while Tomcat requires version [1.2.14]
2023-03-09 10:05:21.101 [restartedMain] ERROR org.apache.catalina.core.AprLifecycleListener - An incompatible version [1.2.8] of the APR based Apache Tomcat Native library is installed, while Tomcat requires version [1.2.14]
2023-03-09 10:09:44.297 [restartedMain] ERROR org.apache.catalina.core.AprLifecycleListener - An incompatible version [1.2.8] of the APR based Apache Tomcat Native library is installed, while Tomcat requires version [1.2.14]
2023-03-09 10:09:44.395 [restartedMain] ERROR org.apache.catalina.core.AprLifecycleListener - An incompatible version [1.2.8] of the APR based Apache Tomcat Native library is installed, while Tomcat requires version [1.2.14]
2023-03-09 10:09:44.515 [restartedMain] ERROR org.apache.catalina.core.AprLifecycleListener - An incompatible version [1.2.8] of the APR based Apache Tomcat Native library is installed, while Tomcat requires version [1.2.14]
2023-03-09 10:09:51.415 [restartedMain] ERROR org.apache.catalina.core.AprLifecycleListener - An incompatible version [1.2.8] of the APR based Apache Tomcat Native library is installed, while Tomcat requires version [1.2.14]
2023-03-09 10:09:51.503 [restartedMain] ERROR org.apache.catalina.core.AprLifecycleListener - An incompatible version [1.2.8] of the APR based Apache Tomcat Native library is installed, while Tomcat requires version [1.2.14]
2023-03-09 10:09:51.604 [restartedMain] ERROR org.apache.catalina.core.AprLifecycleListener - An incompatible version [1.2.8] of the APR based Apache Tomcat Native library is installed, while Tomcat requires version [1.2.14]
2023-03-09 10:34:16.516 [restartedMain] ERROR org.apache.catalina.core.AprLifecycleListener - An incompatible version [1.2.8] of the APR based Apache Tomcat Native library is installed, while Tomcat requires version [1.2.14]
2023-03-09 10:34:16.548 [restartedMain] ERROR org.apache.catalina.core.AprLifecycleListener - An incompatible version [1.2.8] of the APR based Apache Tomcat Native library is installed, while Tomcat requires version [1.2.14]
2023-03-09 10:34:16.609 [restartedMain] ERROR org.apache.catalina.core.AprLifecycleListener - An incompatible version [1.2.8] of the APR based Apache Tomcat Native library is installed, while Tomcat requires version [1.2.14]
2023-03-09 10:34:16.807 [restartedMain] ERROR o.s.b.diagnostics.LoggingFailureAnalysisReporter - 

***************************
APPLICATION FAILED TO START
***************************

Description:

Field dictService in com.atguigu.yygh.cmn.controller.DictController required a bean of type 'com.atguigu.yygh.cmn.service.DictService' that could not be found.

The injection point has the following annotations:
	- @org.springframework.beans.factory.annotation.Autowired(required=true)


Action:

Consider defining a bean of type 'com.atguigu.yygh.cmn.service.DictService' in your configuration.

2023-03-09 10:34:26.230 [restartedMain] ERROR org.apache.catalina.core.AprLifecycleListener - An incompatible version [1.2.8] of the APR based Apache Tomcat Native library is installed, while Tomcat requires version [1.2.14]
2023-03-09 10:34:26.250 [restartedMain] ERROR org.apache.catalina.core.AprLifecycleListener - An incompatible version [1.2.8] of the APR based Apache Tomcat Native library is installed, while Tomcat requires version [1.2.14]
2023-03-09 10:34:26.292 [restartedMain] ERROR org.apache.catalina.core.AprLifecycleListener - An incompatible version [1.2.8] of the APR based Apache Tomcat Native library is installed, while Tomcat requires version [1.2.14]
2023-03-09 10:36:48.712 [restartedMain] ERROR org.apache.catalina.core.AprLifecycleListener - An incompatible version [1.2.8] of the APR based Apache Tomcat Native library is installed, while Tomcat requires version [1.2.14]
2023-03-09 10:36:48.729 [restartedMain] ERROR org.apache.catalina.core.AprLifecycleListener - An incompatible version [1.2.8] of the APR based Apache Tomcat Native library is installed, while Tomcat requires version [1.2.14]
2023-03-09 10:36:48.774 [restartedMain] ERROR org.apache.catalina.core.AprLifecycleListener - An incompatible version [1.2.8] of the APR based Apache Tomcat Native library is installed, while Tomcat requires version [1.2.14]
2023-03-09 10:38:11.374 [restartedMain] ERROR org.apache.catalina.core.AprLifecycleListener - An incompatible version [1.2.8] of the APR based Apache Tomcat Native library is installed, while Tomcat requires version [1.2.14]
2023-03-09 10:38:11.391 [restartedMain] ERROR org.apache.catalina.core.AprLifecycleListener - An incompatible version [1.2.8] of the APR based Apache Tomcat Native library is installed, while Tomcat requires version [1.2.14]
2023-03-09 10:38:11.435 [restartedMain] ERROR org.apache.catalina.core.AprLifecycleListener - An incompatible version [1.2.8] of the APR based Apache Tomcat Native library is installed, while Tomcat requires version [1.2.14]
2023-03-09 10:47:58.070 [restartedMain] ERROR org.apache.catalina.core.AprLifecycleListener - An incompatible version [1.2.8] of the APR based Apache Tomcat Native library is installed, while Tomcat requires version [1.2.14]
2023-03-09 10:47:58.093 [restartedMain] ERROR org.apache.catalina.core.AprLifecycleListener - An incompatible version [1.2.8] of the APR based Apache Tomcat Native library is installed, while Tomcat requires version [1.2.14]
2023-03-09 10:47:58.139 [restartedMain] ERROR org.apache.catalina.core.AprLifecycleListener - An incompatible version [1.2.8] of the APR based Apache Tomcat Native library is installed, while Tomcat requires version [1.2.14]
2023-03-09 10:48:32.651 [restartedMain] ERROR org.apache.catalina.core.AprLifecycleListener - An incompatible version [1.2.8] of the APR based Apache Tomcat Native library is installed, while Tomcat requires version [1.2.14]
2023-03-09 10:48:32.671 [restartedMain] ERROR org.apache.catalina.core.AprLifecycleListener - An incompatible version [1.2.8] of the APR based Apache Tomcat Native library is installed, while Tomcat requires version [1.2.14]
2023-03-09 10:48:32.713 [restartedMain] ERROR org.apache.catalina.core.AprLifecycleListener - An incompatible version [1.2.8] of the APR based Apache Tomcat Native library is installed, while Tomcat requires version [1.2.14]
2023-03-09 10:54:56.684 [restartedMain] ERROR org.apache.catalina.core.AprLifecycleListener - An incompatible version [1.2.8] of the APR based Apache Tomcat Native library is installed, while Tomcat requires version [1.2.14]
2023-03-09 10:54:56.699 [restartedMain] ERROR org.apache.catalina.core.AprLifecycleListener - An incompatible version [1.2.8] of the APR based Apache Tomcat Native library is installed, while Tomcat requires version [1.2.14]
2023-03-09 10:54:56.740 [restartedMain] ERROR org.apache.catalina.core.AprLifecycleListener - An incompatible version [1.2.8] of the APR based Apache Tomcat Native library is installed, while Tomcat requires version [1.2.14]
2023-03-09 11:10:15.603 [restartedMain] ERROR org.apache.catalina.core.AprLifecycleListener - An incompatible version [1.2.8] of the APR based Apache Tomcat Native library is installed, while Tomcat requires version [1.2.14]
2023-03-09 11:10:15.625 [restartedMain] ERROR org.apache.catalina.core.AprLifecycleListener - An incompatible version [1.2.8] of the APR based Apache Tomcat Native library is installed, while Tomcat requires version [1.2.14]
2023-03-09 11:10:15.681 [restartedMain] ERROR org.apache.catalina.core.AprLifecycleListener - An incompatible version [1.2.8] of the APR based Apache Tomcat Native library is installed, while Tomcat requires version [1.2.14]
2023-03-09 13:26:27.263 [restartedMain] ERROR org.apache.catalina.core.AprLifecycleListener - An incompatible version [1.2.8] of the APR based Apache Tomcat Native library is installed, while Tomcat requires version [1.2.14]
2023-03-09 13:26:27.348 [restartedMain] ERROR org.apache.catalina.core.AprLifecycleListener - An incompatible version [1.2.8] of the APR based Apache Tomcat Native library is installed, while Tomcat requires version [1.2.14]
2023-03-09 13:26:27.454 [restartedMain] ERROR org.apache.catalina.core.AprLifecycleListener - An incompatible version [1.2.8] of the APR based Apache Tomcat Native library is installed, while Tomcat requires version [1.2.14]
2023-03-09 13:26:32.949 [restartedMain] ERROR org.apache.catalina.core.AprLifecycleListener - An incompatible version [1.2.8] of the APR based Apache Tomcat Native library is installed, while Tomcat requires version [1.2.14]
2023-03-09 13:26:33.040 [restartedMain] ERROR org.apache.catalina.core.AprLifecycleListener - An incompatible version [1.2.8] of the APR based Apache Tomcat Native library is installed, while Tomcat requires version [1.2.14]
2023-03-09 13:26:33.151 [restartedMain] ERROR org.apache.catalina.core.AprLifecycleListener - An incompatible version [1.2.8] of the APR based Apache Tomcat Native library is installed, while Tomcat requires version [1.2.14]
2023-03-09 13:50:24.284 [restartedMain] ERROR org.apache.catalina.core.AprLifecycleListener - An incompatible version [1.2.8] of the APR based Apache Tomcat Native library is installed, while Tomcat requires version [1.2.14]
2023-03-09 13:50:24.374 [restartedMain] ERROR org.apache.catalina.core.AprLifecycleListener - An incompatible version [1.2.8] of the APR based Apache Tomcat Native library is installed, while Tomcat requires version [1.2.14]
2023-03-09 13:50:24.469 [restartedMain] ERROR org.apache.catalina.core.AprLifecycleListener - An incompatible version [1.2.8] of the APR based Apache Tomcat Native library is installed, while Tomcat requires version [1.2.14]
2023-03-09 13:50:32.544 [restartedMain] ERROR org.apache.catalina.core.AprLifecycleListener - An incompatible version [1.2.8] of the APR based Apache Tomcat Native library is installed, while Tomcat requires version [1.2.14]
2023-03-09 13:50:32.629 [restartedMain] ERROR org.apache.catalina.core.AprLifecycleListener - An incompatible version [1.2.8] of the APR based Apache Tomcat Native library is installed, while Tomcat requires version [1.2.14]
2023-03-09 13:50:32.730 [restartedMain] ERROR org.apache.catalina.core.AprLifecycleListener - An incompatible version [1.2.8] of the APR based Apache Tomcat Native library is installed, while Tomcat requires version [1.2.14]
2023-03-09 13:55:57.008 [restartedMain] ERROR org.apache.catalina.core.AprLifecycleListener - An incompatible version [1.2.8] of the APR based Apache Tomcat Native library is installed, while Tomcat requires version [1.2.14]
2023-03-09 13:55:57.091 [restartedMain] ERROR org.apache.catalina.core.AprLifecycleListener - An incompatible version [1.2.8] of the APR based Apache Tomcat Native library is installed, while Tomcat requires version [1.2.14]
2023-03-09 13:55:57.186 [restartedMain] ERROR org.apache.catalina.core.AprLifecycleListener - An incompatible version [1.2.8] of the APR based Apache Tomcat Native library is installed, while Tomcat requires version [1.2.14]
2023-03-09 13:56:05.666 [restartedMain] ERROR org.apache.catalina.core.AprLifecycleListener - An incompatible version [1.2.8] of the APR based Apache Tomcat Native library is installed, while Tomcat requires version [1.2.14]
2023-03-09 13:56:05.754 [restartedMain] ERROR org.apache.catalina.core.AprLifecycleListener - An incompatible version [1.2.8] of the APR based Apache Tomcat Native library is installed, while Tomcat requires version [1.2.14]
2023-03-09 13:56:05.856 [restartedMain] ERROR org.apache.catalina.core.AprLifecycleListener - An incompatible version [1.2.8] of the APR based Apache Tomcat Native library is installed, while Tomcat requires version [1.2.14]
2023-03-09 14:40:10.475 [restartedMain] ERROR org.apache.catalina.core.AprLifecycleListener - An incompatible version [1.2.8] of the APR based Apache Tomcat Native library is installed, while Tomcat requires version [1.2.14]
2023-03-09 14:40:10.507 [restartedMain] ERROR org.apache.catalina.core.AprLifecycleListener - An incompatible version [1.2.8] of the APR based Apache Tomcat Native library is installed, while Tomcat requires version [1.2.14]
2023-03-09 14:40:10.591 [restartedMain] ERROR org.apache.catalina.core.AprLifecycleListener - An incompatible version [1.2.8] of the APR based Apache Tomcat Native library is installed, while Tomcat requires version [1.2.14]
2023-03-09 14:40:11.040 [restartedMain] ERROR org.apache.catalina.core.AprLifecycleListener - An incompatible version [1.2.8] of the APR based Apache Tomcat Native library is installed, while Tomcat requires version [1.2.14]
2023-03-09 14:40:11.082 [restartedMain] ERROR org.apache.catalina.core.AprLifecycleListener - An incompatible version [1.2.8] of the APR based Apache Tomcat Native library is installed, while Tomcat requires version [1.2.14]
2023-03-09 14:40:11.166 [restartedMain] ERROR org.apache.catalina.core.AprLifecycleListener - An incompatible version [1.2.8] of the APR based Apache Tomcat Native library is installed, while Tomcat requires version [1.2.14]
2023-03-09 14:47:12.960 [restartedMain] ERROR org.apache.catalina.core.AprLifecycleListener - An incompatible version [1.2.8] of the APR based Apache Tomcat Native library is installed, while Tomcat requires version [1.2.14]
2023-03-09 14:47:13.075 [restartedMain] ERROR org.apache.catalina.core.AprLifecycleListener - An incompatible version [1.2.8] of the APR based Apache Tomcat Native library is installed, while Tomcat requires version [1.2.14]
2023-03-09 14:47:13.262 [restartedMain] ERROR org.apache.catalina.core.AprLifecycleListener - An incompatible version [1.2.8] of the APR based Apache Tomcat Native library is installed, while Tomcat requires version [1.2.14]
2023-03-09 14:47:17.409 [restartedMain] ERROR org.apache.catalina.core.AprLifecycleListener - An incompatible version [1.2.8] of the APR based Apache Tomcat Native library is installed, while Tomcat requires version [1.2.14]
2023-03-09 14:47:17.500 [restartedMain] ERROR org.apache.catalina.core.AprLifecycleListener - An incompatible version [1.2.8] of the APR based Apache Tomcat Native library is installed, while Tomcat requires version [1.2.14]
2023-03-09 14:47:17.594 [restartedMain] ERROR org.apache.catalina.core.AprLifecycleListener - An incompatible version [1.2.8] of the APR based Apache Tomcat Native library is installed, while Tomcat requires version [1.2.14]
2023-03-09 14:55:21.778 [restartedMain] ERROR org.apache.catalina.core.AprLifecycleListener - An incompatible version [1.2.8] of the APR based Apache Tomcat Native library is installed, while Tomcat requires version [1.2.14]
2023-03-09 14:55:21.877 [restartedMain] ERROR org.apache.catalina.core.AprLifecycleListener - An incompatible version [1.2.8] of the APR based Apache Tomcat Native library is installed, while Tomcat requires version [1.2.14]
2023-03-09 14:55:21.978 [restartedMain] ERROR org.apache.catalina.core.AprLifecycleListener - An incompatible version [1.2.8] of the APR based Apache Tomcat Native library is installed, while Tomcat requires version [1.2.14]
2023-03-09 14:55:29.171 [restartedMain] ERROR org.apache.catalina.core.AprLifecycleListener - An incompatible version [1.2.8] of the APR based Apache Tomcat Native library is installed, while Tomcat requires version [1.2.14]
2023-03-09 14:55:29.287 [restartedMain] ERROR org.apache.catalina.core.AprLifecycleListener - An incompatible version [1.2.8] of the APR based Apache Tomcat Native library is installed, while Tomcat requires version [1.2.14]
2023-03-09 14:55:29.409 [restartedMain] ERROR org.apache.catalina.core.AprLifecycleListener - An incompatible version [1.2.8] of the APR based Apache Tomcat Native library is installed, while Tomcat requires version [1.2.14]
2023-03-09 16:36:42.273 [restartedMain] ERROR org.apache.catalina.core.AprLifecycleListener - An incompatible version [1.2.8] of the APR based Apache Tomcat Native library is installed, while Tomcat requires version [1.2.14]
2023-03-09 16:36:42.420 [restartedMain] ERROR org.apache.catalina.core.AprLifecycleListener - An incompatible version [1.2.8] of the APR based Apache Tomcat Native library is installed, while Tomcat requires version [1.2.14]
2023-03-09 16:36:42.621 [restartedMain] ERROR org.apache.catalina.core.AprLifecycleListener - An incompatible version [1.2.8] of the APR based Apache Tomcat Native library is installed, while Tomcat requires version [1.2.14]
2023-03-09 16:36:48.405 [restartedMain] ERROR org.apache.catalina.core.AprLifecycleListener - An incompatible version [1.2.8] of the APR based Apache Tomcat Native library is installed, while Tomcat requires version [1.2.14]
2023-03-09 16:36:48.494 [restartedMain] ERROR org.apache.catalina.core.AprLifecycleListener - An incompatible version [1.2.8] of the APR based Apache Tomcat Native library is installed, while Tomcat requires version [1.2.14]
2023-03-09 16:36:48.602 [restartedMain] ERROR org.apache.catalina.core.AprLifecycleListener - An incompatible version [1.2.8] of the APR based Apache Tomcat Native library is installed, while Tomcat requires version [1.2.14]
2023-03-09 17:05:00.674 [restartedMain] ERROR org.apache.catalina.core.AprLifecycleListener - An incompatible version [1.2.8] of the APR based Apache Tomcat Native library is installed, while Tomcat requires version [1.2.14]
2023-03-09 17:05:00.770 [restartedMain] ERROR org.apache.catalina.core.AprLifecycleListener - An incompatible version [1.2.8] of the APR based Apache Tomcat Native library is installed, while Tomcat requires version [1.2.14]
2023-03-09 17:05:00.912 [restartedMain] ERROR org.apache.catalina.core.AprLifecycleListener - An incompatible version [1.2.8] of the APR based Apache Tomcat Native library is installed, while Tomcat requires version [1.2.14]
2023-03-09 17:05:05.774 [restartedMain] ERROR org.apache.catalina.core.AprLifecycleListener - An incompatible version [1.2.8] of the APR based Apache Tomcat Native library is installed, while Tomcat requires version [1.2.14]
2023-03-09 17:05:05.862 [restartedMain] ERROR org.apache.catalina.core.AprLifecycleListener - An incompatible version [1.2.8] of the APR based Apache Tomcat Native library is installed, while Tomcat requires version [1.2.14]
2023-03-09 17:05:05.969 [restartedMain] ERROR org.apache.catalina.core.AprLifecycleListener - An incompatible version [1.2.8] of the APR based Apache Tomcat Native library is installed, while Tomcat requires version [1.2.14]
2023-03-09 17:05:39.101 [http-nio-8202-exec-2] ERROR c.a.yygh.common.handler.GlobalExceptionHandler - Could not get a resource from the pool; nested exception is io.lettuce.core.RedisConnectionException: Unable to connect to localhost:6379
2023-03-09 17:05:39.101 [http-nio-8202-exec-2] ERROR c.a.yygh.common.handler.GlobalExceptionHandler - Could not get a resource from the pool; nested exception is io.lettuce.core.RedisConnectionException: Unable to connect to localhost:6379
2023-03-09 17:05:48.625 [http-nio-8202-exec-3] ERROR c.a.yygh.common.handler.GlobalExceptionHandler - Could not get a resource from the pool; nested exception is io.lettuce.core.RedisConnectionException: Unable to connect to localhost:6379
2023-03-09 17:05:48.625 [http-nio-8202-exec-3] ERROR c.a.yygh.common.handler.GlobalExceptionHandler - Could not get a resource from the pool; nested exception is io.lettuce.core.RedisConnectionException: Unable to connect to localhost:6379
2023-03-09 17:05:51.335 [http-nio-8202-exec-4] ERROR c.a.yygh.common.handler.GlobalExceptionHandler - Could not get a resource from the pool; nested exception is io.lettuce.core.RedisConnectionException: Unable to connect to localhost:6379
2023-03-09 17:05:51.335 [http-nio-8202-exec-4] ERROR c.a.yygh.common.handler.GlobalExceptionHandler - Could not get a resource from the pool; nested exception is io.lettuce.core.RedisConnectionException: Unable to connect to localhost:6379
2023-03-09 17:06:43.238 [http-nio-8202-exec-5] ERROR c.a.yygh.common.handler.GlobalExceptionHandler - Could not get a resource from the pool; nested exception is io.lettuce.core.RedisConnectionException: Unable to connect to localhost:6379
2023-03-09 17:06:43.238 [http-nio-8202-exec-5] ERROR c.a.yygh.common.handler.GlobalExceptionHandler - Could not get a resource from the pool; nested exception is io.lettuce.core.RedisConnectionException: Unable to connect to localhost:6379
2023-03-09 17:06:47.018 [http-nio-8202-exec-6] ERROR c.a.yygh.common.handler.GlobalExceptionHandler - Could not get a resource from the pool; nested exception is io.lettuce.core.RedisConnectionException: Unable to connect to localhost:6379
2023-03-09 17:06:47.018 [http-nio-8202-exec-6] ERROR c.a.yygh.common.handler.GlobalExceptionHandler - Could not get a resource from the pool; nested exception is io.lettuce.core.RedisConnectionException: Unable to connect to localhost:6379
2023-03-09 17:06:56.704 [http-nio-8202-exec-7] ERROR c.a.yygh.common.handler.GlobalExceptionHandler - Could not get a resource from the pool; nested exception is io.lettuce.core.RedisConnectionException: Unable to connect to localhost:6379
2023-03-09 17:06:56.704 [http-nio-8202-exec-7] ERROR c.a.yygh.common.handler.GlobalExceptionHandler - Could not get a resource from the pool; nested exception is io.lettuce.core.RedisConnectionException: Unable to connect to localhost:6379
2023-03-09 21:29:40.011 [http-nio-8201-exec-8] ERROR c.a.yygh.common.handler.GlobalExceptionHandler - Request method 'GET' not supported
2023-03-09 21:29:40.011 [http-nio-8201-exec-8] ERROR c.a.yygh.common.handler.GlobalExceptionHandler - Request method 'GET' not supported
2023-03-09 22:36:30.472 [restartedMain] ERROR org.apache.catalina.core.AprLifecycleListener - An incompatible version [1.2.8] of the APR based Apache Tomcat Native library is installed, while Tomcat requires version [1.2.14]
2023-03-09 22:36:30.640 [restartedMain] ERROR org.apache.catalina.core.AprLifecycleListener - An incompatible version [1.2.8] of the APR based Apache Tomcat Native library is installed, while Tomcat requires version [1.2.14]
2023-03-09 22:36:30.834 [restartedMain] ERROR org.apache.catalina.core.AprLifecycleListener - An incompatible version [1.2.8] of the APR based Apache Tomcat Native library is installed, while Tomcat requires version [1.2.14]
2023-03-09 22:36:35.247 [restartedMain] ERROR org.apache.catalina.core.AprLifecycleListener - An incompatible version [1.2.8] of the APR based Apache Tomcat Native library is installed, while Tomcat requires version [1.2.14]
2023-03-09 22:36:35.346 [restartedMain] ERROR org.apache.catalina.core.AprLifecycleListener - An incompatible version [1.2.8] of the APR based Apache Tomcat Native library is installed, while Tomcat requires version [1.2.14]
2023-03-09 22:36:35.462 [restartedMain] ERROR org.apache.catalina.core.AprLifecycleListener - An incompatible version [1.2.8] of the APR based Apache Tomcat Native library is installed, while Tomcat requires version [1.2.14]
