2023-03-10 08:53:04.279 [restartedMain] INFO  com.atguigu.yygh.cmn.ServiceCmnApplication - Starting ServiceCmnApplication on ChenXW with PID 13848 (E:\project\java\springboot\yygh_parent\service\service_cmn\target\classes started by ChenXW in E:\project\java\springboot\yygh_parent)
2023-03-10 08:53:04.279 [restartedMain] INFO  com.atguigu.yygh.cmn.ServiceCmnApplication - Starting ServiceCmnApplication on ChenXW with PID 13848 (E:\project\java\springboot\yygh_parent\service\service_cmn\target\classes started by ChenXW in E:\project\java\springboot\yygh_parent)
2023-03-10 08:53:04.283 [restartedMain] INFO  com.atguigu.yygh.cmn.ServiceCmnApplication - The following profiles are active: dev
2023-03-10 08:53:04.283 [restartedMain] INFO  com.atguigu.yygh.cmn.ServiceCmnApplication - The following profiles are active: dev
2023-03-10 08:53:04.390 [restartedMain] INFO  o.s.boot.devtools.restart.ChangeableUrls - The Class-Path manifest attribute in E:\develop\apache-maven-3.6.3\repository\org\glassfish\jaxb\jaxb-runtime\2.3.2\jaxb-runtime-2.3.2.jar referenced one or more files that do not exist: file:/E:/develop/apache-maven-3.6.3/repository/org/glassfish/jaxb/jaxb-runtime/2.3.2/jakarta.xml.bind-api-2.3.2.jar,file:/E:/develop/apache-maven-3.6.3/repository/org/glassfish/jaxb/jaxb-runtime/2.3.2/txw2-2.3.2.jar,file:/E:/develop/apache-maven-3.6.3/repository/org/glassfish/jaxb/jaxb-runtime/2.3.2/istack-commons-runtime-3.0.8.jar,file:/E:/develop/apache-maven-3.6.3/repository/org/glassfish/jaxb/jaxb-runtime/2.3.2/stax-ex-1.8.1.jar,file:/E:/develop/apache-maven-3.6.3/repository/org/glassfish/jaxb/jaxb-runtime/2.3.2/FastInfoset-1.2.16.jar,file:/E:/develop/apache-maven-3.6.3/repository/org/glassfish/jaxb/jaxb-runtime/2.3.2/jakarta.activation-api-1.2.1.jar
2023-03-10 08:53:04.391 [restartedMain] INFO  o.s.b.d.env.DevToolsPropertyDefaultsPostProcessor - Devtools property defaults active! Set 'spring.devtools.add-properties' to 'false' to disable
2023-03-10 08:53:04.391 [restartedMain] INFO  o.s.b.d.env.DevToolsPropertyDefaultsPostProcessor - For additional web related logging consider setting the 'logging.level.web' property to 'DEBUG'
2023-03-10 08:53:05.387 [restartedMain] INFO  o.s.d.r.config.RepositoryConfigurationDelegate - Multiple Spring Data modules found, entering strict repository configuration mode!
2023-03-10 08:53:05.389 [restartedMain] INFO  o.s.d.r.config.RepositoryConfigurationDelegate - Bootstrapping Spring Data repositories in DEFAULT mode.
2023-03-10 08:53:05.415 [restartedMain] INFO  o.s.d.r.config.RepositoryConfigurationDelegate - Finished Spring Data repository scanning in 13ms. Found 0 repository interfaces.
2023-03-10 08:53:05.709 [restartedMain] INFO  o.s.c.s.PostProcessorRegistrationDelegate$BeanPostProcessorChecker - Bean 'org.springframework.transaction.annotation.ProxyTransactionManagementConfiguration' of type [org.springframework.transaction.annotation.ProxyTransactionManagementConfiguration] is not eligible for getting processed by all BeanPostProcessors (for example: not eligible for auto-proxying)
2023-03-10 08:53:06.082 [restartedMain] INFO  o.s.boot.web.embedded.tomcat.TomcatWebServer - Tomcat initialized with port(s): 8202 (http)
2023-03-10 08:53:06.109 [restartedMain] INFO  org.apache.coyote.http11.Http11NioProtocol - Initializing ProtocolHandler ["http-nio-8202"]
2023-03-10 08:53:06.110 [restartedMain] INFO  org.apache.catalina.core.StandardService - Starting service [Tomcat]
2023-03-10 08:53:06.110 [restartedMain] INFO  org.apache.catalina.core.StandardEngine - Starting Servlet engine: [Apache Tomcat/9.0.27]
2023-03-10 08:53:06.204 [restartedMain] INFO  o.a.c.core.ContainerBase.[Tomcat].[localhost].[/] - Initializing Spring embedded WebApplicationContext
2023-03-10 08:53:06.204 [restartedMain] INFO  org.springframework.web.context.ContextLoader - Root WebApplicationContext: initialization completed in 1813 ms
2023-03-10 08:53:07.527 [restartedMain] INFO  s.d.s.w.PropertySourcedRequestMappingHandlerMapping - Mapped URL path [/v2/api-docs] onto method [springfox.documentation.swagger2.web.Swagger2Controller#getDocumentation(String, HttpServletRequest)]
2023-03-10 08:53:07.624 [restartedMain] INFO  o.s.scheduling.concurrent.ThreadPoolTaskExecutor - Initializing ExecutorService 'applicationTaskExecutor'
2023-03-10 08:53:07.677 [restartedMain] INFO  o.s.b.d.autoconfigure.OptionalLiveReloadServer - LiveReload server is running on port 35729
2023-03-10 08:53:07.878 [restartedMain] INFO  s.d.s.web.plugins.DocumentationPluginsBootstrapper - Context refreshed
2023-03-10 08:53:07.892 [restartedMain] INFO  s.d.s.web.plugins.DocumentationPluginsBootstrapper - Found 3 custom documentation plugin(s)
2023-03-10 08:53:07.920 [restartedMain] INFO  s.d.spring.web.scanners.ApiListingReferenceScanner - Scanning for api listing references
2023-03-10 08:53:07.935 [restartedMain] INFO  s.d.spring.web.scanners.ApiListingReferenceScanner - Scanning for api listing references
2023-03-10 08:53:08.031 [restartedMain] INFO  s.d.spring.web.scanners.ApiListingReferenceScanner - Scanning for api listing references
2023-03-10 08:53:08.041 [restartedMain] INFO  org.apache.coyote.http11.Http11NioProtocol - Starting ProtocolHandler ["http-nio-8202"]
2023-03-10 08:53:08.061 [restartedMain] INFO  o.s.boot.web.embedded.tomcat.TomcatWebServer - Tomcat started on port(s): 8202 (http) with context path ''
2023-03-10 08:53:08.064 [restartedMain] INFO  com.atguigu.yygh.cmn.ServiceCmnApplication - Started ServiceCmnApplication in 4.357 seconds (JVM running for 5.515)
2023-03-10 08:53:08.064 [restartedMain] INFO  com.atguigu.yygh.cmn.ServiceCmnApplication - Started ServiceCmnApplication in 4.357 seconds (JVM running for 5.515)
2023-03-10 08:53:09.619 [restartedMain] INFO  com.atguigu.yygh.hosp.ServiceHospMainStarter - Starting ServiceHospMainStarter on ChenXW with PID 8008 (E:\project\java\springboot\yygh_parent\service\service_hosp\target\classes started by ChenXW in E:\project\java\springboot\yygh_parent)
2023-03-10 08:53:09.619 [restartedMain] INFO  com.atguigu.yygh.hosp.ServiceHospMainStarter - Starting ServiceHospMainStarter on ChenXW with PID 8008 (E:\project\java\springboot\yygh_parent\service\service_hosp\target\classes started by ChenXW in E:\project\java\springboot\yygh_parent)
2023-03-10 08:53:09.623 [restartedMain] INFO  com.atguigu.yygh.hosp.ServiceHospMainStarter - The following profiles are active: dev
2023-03-10 08:53:09.623 [restartedMain] INFO  com.atguigu.yygh.hosp.ServiceHospMainStarter - The following profiles are active: dev
2023-03-10 08:53:09.715 [restartedMain] INFO  o.s.b.d.env.DevToolsPropertyDefaultsPostProcessor - Devtools property defaults active! Set 'spring.devtools.add-properties' to 'false' to disable
2023-03-10 08:53:09.715 [restartedMain] INFO  o.s.b.d.env.DevToolsPropertyDefaultsPostProcessor - For additional web related logging consider setting the 'logging.level.web' property to 'DEBUG'
2023-03-10 08:53:11.265 [restartedMain] INFO  o.s.c.s.PostProcessorRegistrationDelegate$BeanPostProcessorChecker - Bean 'org.springframework.transaction.annotation.ProxyTransactionManagementConfiguration' of type [org.springframework.transaction.annotation.ProxyTransactionManagementConfiguration] is not eligible for getting processed by all BeanPostProcessors (for example: not eligible for auto-proxying)
2023-03-10 08:53:11.508 [restartedMain] INFO  o.s.boot.web.embedded.tomcat.TomcatWebServer - Tomcat initialized with port(s): 8201 (http)
2023-03-10 08:53:11.515 [restartedMain] INFO  org.apache.coyote.http11.Http11NioProtocol - Initializing ProtocolHandler ["http-nio-8201"]
2023-03-10 08:53:11.516 [restartedMain] INFO  org.apache.catalina.core.StandardService - Starting service [Tomcat]
2023-03-10 08:53:11.516 [restartedMain] INFO  org.apache.catalina.core.StandardEngine - Starting Servlet engine: [Apache Tomcat/9.0.27]
2023-03-10 08:53:11.589 [restartedMain] INFO  o.a.c.core.ContainerBase.[Tomcat].[localhost].[/] - Initializing Spring embedded WebApplicationContext
2023-03-10 08:53:11.589 [restartedMain] INFO  org.springframework.web.context.ContextLoader - Root WebApplicationContext: initialization completed in 1874 ms
2023-03-10 08:53:12.670 [restartedMain] INFO  s.d.s.w.PropertySourcedRequestMappingHandlerMapping - Mapped URL path [/v2/api-docs] onto method [springfox.documentation.swagger2.web.Swagger2Controller#getDocumentation(String, HttpServletRequest)]
2023-03-10 08:53:12.746 [restartedMain] INFO  o.s.scheduling.concurrent.ThreadPoolTaskExecutor - Initializing ExecutorService 'applicationTaskExecutor'
2023-03-10 08:53:12.886 [restartedMain] INFO  s.d.s.web.plugins.DocumentationPluginsBootstrapper - Context refreshed
2023-03-10 08:53:12.896 [restartedMain] INFO  s.d.s.web.plugins.DocumentationPluginsBootstrapper - Found 3 custom documentation plugin(s)
2023-03-10 08:53:12.921 [restartedMain] INFO  s.d.spring.web.scanners.ApiListingReferenceScanner - Scanning for api listing references
2023-03-10 08:53:12.933 [restartedMain] INFO  s.d.spring.web.scanners.ApiListingReferenceScanner - Scanning for api listing references
2023-03-10 08:53:13.081 [restartedMain] INFO  s.d.spring.web.scanners.ApiListingReferenceScanner - Scanning for api listing references
2023-03-10 08:53:13.090 [restartedMain] INFO  org.apache.coyote.http11.Http11NioProtocol - Starting ProtocolHandler ["http-nio-8201"]
2023-03-10 08:53:13.115 [restartedMain] INFO  o.s.boot.web.embedded.tomcat.TomcatWebServer - Tomcat started on port(s): 8201 (http) with context path ''
2023-03-10 08:53:13.120 [restartedMain] INFO  com.atguigu.yygh.hosp.ServiceHospMainStarter - Started ServiceHospMainStarter in 4.028 seconds (JVM running for 5.063)
2023-03-10 08:53:13.120 [restartedMain] INFO  com.atguigu.yygh.hosp.ServiceHospMainStarter - Started ServiceHospMainStarter in 4.028 seconds (JVM running for 5.063)
2023-03-10 08:54:28.632 [http-nio-8201-exec-1] INFO  o.a.c.core.ContainerBase.[Tomcat].[localhost].[/] - Initializing Spring DispatcherServlet 'dispatcherServlet'
2023-03-10 08:54:28.633 [http-nio-8201-exec-1] INFO  org.springframework.web.servlet.DispatcherServlet - Initializing Servlet 'dispatcherServlet'
2023-03-10 08:54:28.636 [http-nio-8201-exec-1] INFO  org.springframework.web.servlet.DispatcherServlet - Completed initialization in 3 ms
2023-03-10 08:54:30.647 [http-nio-8202-exec-1] INFO  o.a.c.core.ContainerBase.[Tomcat].[localhost].[/] - Initializing Spring DispatcherServlet 'dispatcherServlet'
2023-03-10 08:54:30.648 [http-nio-8202-exec-1] INFO  org.springframework.web.servlet.DispatcherServlet - Initializing Servlet 'dispatcherServlet'
2023-03-10 08:54:30.654 [http-nio-8202-exec-1] INFO  org.springframework.web.servlet.DispatcherServlet - Completed initialization in 6 ms
2023-03-10 08:54:30.787 [http-nio-8202-exec-2] INFO  io.lettuce.core.EpollProvider - Starting without optional epoll library
2023-03-10 08:54:30.788 [http-nio-8202-exec-2] INFO  io.lettuce.core.KqueueProvider - Starting without optional kqueue library
2023-03-10 08:54:31.413 [http-nio-8202-exec-2] INFO  com.zaxxer.hikari.HikariDataSource - HikariPool-1 - Starting...
2023-03-10 08:54:31.544 [http-nio-8202-exec-2] INFO  com.zaxxer.hikari.HikariDataSource - HikariPool-1 - Start completed.
2023-03-10 08:54:35.712 [http-nio-8201-exec-6] INFO  com.zaxxer.hikari.HikariDataSource - HikariPool-1 - Starting...
2023-03-10 08:54:35.837 [http-nio-8201-exec-6] INFO  com.zaxxer.hikari.HikariDataSource - HikariPool-1 - Start completed.
2023-03-10 09:00:29.495 [SpringContextShutdownHook] INFO  o.s.scheduling.concurrent.ThreadPoolTaskExecutor - Shutting down ExecutorService 'applicationTaskExecutor'
2023-03-10 09:00:29.529 [SpringContextShutdownHook] INFO  o.s.scheduling.concurrent.ThreadPoolTaskExecutor - Shutting down ExecutorService 'applicationTaskExecutor'
2023-03-10 09:00:29.530 [SpringContextShutdownHook] INFO  com.zaxxer.hikari.HikariDataSource - HikariPool-1 - Shutdown initiated...
2023-03-10 09:00:29.535 [SpringContextShutdownHook] INFO  com.zaxxer.hikari.HikariDataSource - HikariPool-1 - Shutdown completed.
2023-03-10 09:00:29.617 [SpringContextShutdownHook] INFO  com.zaxxer.hikari.HikariDataSource - HikariPool-1 - Shutdown initiated...
2023-03-10 09:00:29.623 [SpringContextShutdownHook] INFO  com.zaxxer.hikari.HikariDataSource - HikariPool-1 - Shutdown completed.
2023-03-10 10:48:17.753 [restartedMain] INFO  com.atguigu.yygh.cmn.ServiceCmnApplication - Starting ServiceCmnApplication on ChenXW with PID 11764 (E:\project\java\springboot\yygh_parent\service\service_cmn\target\classes started by ChenXW in E:\project\java\springboot\yygh_parent)
2023-03-10 10:48:17.753 [restartedMain] INFO  com.atguigu.yygh.cmn.ServiceCmnApplication - Starting ServiceCmnApplication on ChenXW with PID 11764 (E:\project\java\springboot\yygh_parent\service\service_cmn\target\classes started by ChenXW in E:\project\java\springboot\yygh_parent)
2023-03-10 10:48:17.757 [restartedMain] INFO  com.atguigu.yygh.cmn.ServiceCmnApplication - The following profiles are active: dev
2023-03-10 10:48:17.757 [restartedMain] INFO  com.atguigu.yygh.cmn.ServiceCmnApplication - The following profiles are active: dev
2023-03-10 10:48:17.859 [restartedMain] INFO  o.s.boot.devtools.restart.ChangeableUrls - The Class-Path manifest attribute in E:\develop\apache-maven-3.6.3\repository\org\glassfish\jaxb\jaxb-runtime\2.3.2\jaxb-runtime-2.3.2.jar referenced one or more files that do not exist: file:/E:/develop/apache-maven-3.6.3/repository/org/glassfish/jaxb/jaxb-runtime/2.3.2/jakarta.xml.bind-api-2.3.2.jar,file:/E:/develop/apache-maven-3.6.3/repository/org/glassfish/jaxb/jaxb-runtime/2.3.2/txw2-2.3.2.jar,file:/E:/develop/apache-maven-3.6.3/repository/org/glassfish/jaxb/jaxb-runtime/2.3.2/istack-commons-runtime-3.0.8.jar,file:/E:/develop/apache-maven-3.6.3/repository/org/glassfish/jaxb/jaxb-runtime/2.3.2/stax-ex-1.8.1.jar,file:/E:/develop/apache-maven-3.6.3/repository/org/glassfish/jaxb/jaxb-runtime/2.3.2/FastInfoset-1.2.16.jar,file:/E:/develop/apache-maven-3.6.3/repository/org/glassfish/jaxb/jaxb-runtime/2.3.2/jakarta.activation-api-1.2.1.jar
2023-03-10 10:48:17.860 [restartedMain] INFO  o.s.b.d.env.DevToolsPropertyDefaultsPostProcessor - Devtools property defaults active! Set 'spring.devtools.add-properties' to 'false' to disable
2023-03-10 10:48:17.860 [restartedMain] INFO  o.s.b.d.env.DevToolsPropertyDefaultsPostProcessor - For additional web related logging consider setting the 'logging.level.web' property to 'DEBUG'
2023-03-10 10:48:18.994 [restartedMain] INFO  o.s.d.r.config.RepositoryConfigurationDelegate - Multiple Spring Data modules found, entering strict repository configuration mode!
2023-03-10 10:48:18.996 [restartedMain] INFO  o.s.d.r.config.RepositoryConfigurationDelegate - Bootstrapping Spring Data repositories in DEFAULT mode.
2023-03-10 10:48:19.022 [restartedMain] INFO  o.s.d.r.config.RepositoryConfigurationDelegate - Finished Spring Data repository scanning in 14ms. Found 0 repository interfaces.
2023-03-10 10:48:19.322 [restartedMain] INFO  o.s.c.s.PostProcessorRegistrationDelegate$BeanPostProcessorChecker - Bean 'org.springframework.transaction.annotation.ProxyTransactionManagementConfiguration' of type [org.springframework.transaction.annotation.ProxyTransactionManagementConfiguration] is not eligible for getting processed by all BeanPostProcessors (for example: not eligible for auto-proxying)
2023-03-10 10:48:19.647 [restartedMain] INFO  o.s.boot.web.embedded.tomcat.TomcatWebServer - Tomcat initialized with port(s): 8202 (http)
2023-03-10 10:48:19.657 [restartedMain] INFO  org.apache.coyote.http11.Http11NioProtocol - Initializing ProtocolHandler ["http-nio-8202"]
2023-03-10 10:48:19.658 [restartedMain] INFO  org.apache.catalina.core.StandardService - Starting service [Tomcat]
2023-03-10 10:48:19.658 [restartedMain] INFO  org.apache.catalina.core.StandardEngine - Starting Servlet engine: [Apache Tomcat/9.0.27]
2023-03-10 10:48:19.751 [restartedMain] INFO  o.a.c.core.ContainerBase.[Tomcat].[localhost].[/] - Initializing Spring embedded WebApplicationContext
2023-03-10 10:48:19.752 [restartedMain] INFO  org.springframework.web.context.ContextLoader - Root WebApplicationContext: initialization completed in 1892 ms
2023-03-10 10:48:21.289 [restartedMain] INFO  s.d.s.w.PropertySourcedRequestMappingHandlerMapping - Mapped URL path [/v2/api-docs] onto method [springfox.documentation.swagger2.web.Swagger2Controller#getDocumentation(String, HttpServletRequest)]
2023-03-10 10:48:21.431 [restartedMain] INFO  o.s.scheduling.concurrent.ThreadPoolTaskExecutor - Initializing ExecutorService 'applicationTaskExecutor'
2023-03-10 10:48:21.488 [restartedMain] INFO  o.s.b.d.autoconfigure.OptionalLiveReloadServer - LiveReload server is running on port 35729
2023-03-10 10:48:21.734 [restartedMain] INFO  s.d.s.web.plugins.DocumentationPluginsBootstrapper - Context refreshed
2023-03-10 10:48:21.745 [restartedMain] INFO  s.d.s.web.plugins.DocumentationPluginsBootstrapper - Found 3 custom documentation plugin(s)
2023-03-10 10:48:21.769 [restartedMain] INFO  s.d.spring.web.scanners.ApiListingReferenceScanner - Scanning for api listing references
2023-03-10 10:48:21.788 [restartedMain] INFO  s.d.spring.web.scanners.ApiListingReferenceScanner - Scanning for api listing references
2023-03-10 10:48:21.903 [restartedMain] INFO  s.d.spring.web.scanners.ApiListingReferenceScanner - Scanning for api listing references
2023-03-10 10:48:21.911 [restartedMain] INFO  org.apache.coyote.http11.Http11NioProtocol - Starting ProtocolHandler ["http-nio-8202"]
2023-03-10 10:48:21.931 [restartedMain] INFO  o.s.boot.web.embedded.tomcat.TomcatWebServer - Tomcat started on port(s): 8202 (http) with context path ''
2023-03-10 10:48:21.933 [restartedMain] INFO  com.atguigu.yygh.cmn.ServiceCmnApplication - Started ServiceCmnApplication in 4.64 seconds (JVM running for 5.726)
2023-03-10 10:48:21.933 [restartedMain] INFO  com.atguigu.yygh.cmn.ServiceCmnApplication - Started ServiceCmnApplication in 4.64 seconds (JVM running for 5.726)
2023-03-10 10:48:22.526 [restartedMain] INFO  com.atguigu.yygh.hosp.ServiceHospMainStarter - Starting ServiceHospMainStarter on ChenXW with PID 6092 (E:\project\java\springboot\yygh_parent\service\service_hosp\target\classes started by ChenXW in E:\project\java\springboot\yygh_parent)
2023-03-10 10:48:22.526 [restartedMain] INFO  com.atguigu.yygh.hosp.ServiceHospMainStarter - Starting ServiceHospMainStarter on ChenXW with PID 6092 (E:\project\java\springboot\yygh_parent\service\service_hosp\target\classes started by ChenXW in E:\project\java\springboot\yygh_parent)
2023-03-10 10:48:22.528 [restartedMain] INFO  com.atguigu.yygh.hosp.ServiceHospMainStarter - The following profiles are active: dev
2023-03-10 10:48:22.528 [restartedMain] INFO  com.atguigu.yygh.hosp.ServiceHospMainStarter - The following profiles are active: dev
2023-03-10 10:48:22.562 [restartedMain] INFO  o.s.b.d.env.DevToolsPropertyDefaultsPostProcessor - Devtools property defaults active! Set 'spring.devtools.add-properties' to 'false' to disable
2023-03-10 10:48:22.562 [restartedMain] INFO  o.s.b.d.env.DevToolsPropertyDefaultsPostProcessor - For additional web related logging consider setting the 'logging.level.web' property to 'DEBUG'
2023-03-10 10:48:23.303 [restartedMain] INFO  o.s.d.r.config.RepositoryConfigurationDelegate - Bootstrapping Spring Data repositories in DEFAULT mode.
2023-03-10 10:48:23.317 [restartedMain] INFO  o.s.d.r.config.RepositoryConfigurationDelegate - Finished Spring Data repository scanning in 11ms. Found 0 repository interfaces.
2023-03-10 10:48:23.564 [restartedMain] INFO  o.s.c.s.PostProcessorRegistrationDelegate$BeanPostProcessorChecker - Bean 'org.springframework.transaction.annotation.ProxyTransactionManagementConfiguration' of type [org.springframework.transaction.annotation.ProxyTransactionManagementConfiguration] is not eligible for getting processed by all BeanPostProcessors (for example: not eligible for auto-proxying)
2023-03-10 10:48:23.792 [restartedMain] INFO  o.s.boot.web.embedded.tomcat.TomcatWebServer - Tomcat initialized with port(s): 8201 (http)
2023-03-10 10:48:23.800 [restartedMain] INFO  org.apache.coyote.http11.Http11NioProtocol - Initializing ProtocolHandler ["http-nio-8201"]
2023-03-10 10:48:23.801 [restartedMain] INFO  org.apache.catalina.core.StandardService - Starting service [Tomcat]
2023-03-10 10:48:23.802 [restartedMain] INFO  org.apache.catalina.core.StandardEngine - Starting Servlet engine: [Apache Tomcat/9.0.27]
2023-03-10 10:48:23.871 [restartedMain] INFO  o.a.c.core.ContainerBase.[Tomcat].[localhost].[/] - Initializing Spring embedded WebApplicationContext
2023-03-10 10:48:23.871 [restartedMain] INFO  org.springframework.web.context.ContextLoader - Root WebApplicationContext: initialization completed in 1309 ms
2023-03-10 10:48:24.866 [restartedMain] INFO  s.d.s.w.PropertySourcedRequestMappingHandlerMapping - Mapped URL path [/v2/api-docs] onto method [springfox.documentation.swagger2.web.Swagger2Controller#getDocumentation(String, HttpServletRequest)]
2023-03-10 10:48:24.966 [restartedMain] INFO  o.s.scheduling.concurrent.ThreadPoolTaskExecutor - Initializing ExecutorService 'applicationTaskExecutor'
2023-03-10 10:48:25.413 [restartedMain] INFO  org.mongodb.driver.cluster - Cluster created with settings {hosts=[192.168.200.148:27017], mode=SINGLE, requiredClusterType=UNKNOWN, serverSelectionTimeout='30000 ms', maxWaitQueueSize=500}
2023-03-10 10:48:25.444 [cluster-ClusterId{value='640a9a79afc5620e1878f15f', description='null'}-192.168.200.148:27017] INFO  org.mongodb.driver.connection - Opened connection [connectionId{localValue:1, serverValue:11}] to 192.168.200.148:27017
2023-03-10 10:48:25.447 [cluster-ClusterId{value='640a9a79afc5620e1878f15f', description='null'}-192.168.200.148:27017] INFO  org.mongodb.driver.cluster - Monitor thread successfully connected to server with description ServerDescription{address=192.168.200.148:27017, type=STANDALONE, state=CONNECTED, ok=true, version=ServerVersion{versionList=[4, 4, 8]}, minWireVersion=0, maxWireVersion=9, maxDocumentSize=16777216, logicalSessionTimeoutMinutes=30, roundTripTimeNanos=2266900}
2023-03-10 10:48:25.621 [restartedMain] INFO  s.d.s.web.plugins.DocumentationPluginsBootstrapper - Context refreshed
2023-03-10 10:48:25.633 [restartedMain] INFO  s.d.s.web.plugins.DocumentationPluginsBootstrapper - Found 3 custom documentation plugin(s)
2023-03-10 10:48:25.654 [restartedMain] INFO  s.d.spring.web.scanners.ApiListingReferenceScanner - Scanning for api listing references
2023-03-10 10:48:25.666 [restartedMain] INFO  s.d.spring.web.scanners.ApiListingReferenceScanner - Scanning for api listing references
2023-03-10 10:48:25.809 [restartedMain] INFO  s.d.spring.web.scanners.ApiListingReferenceScanner - Scanning for api listing references
2023-03-10 10:48:25.815 [restartedMain] INFO  org.apache.coyote.http11.Http11NioProtocol - Starting ProtocolHandler ["http-nio-8201"]
2023-03-10 10:48:25.830 [restartedMain] INFO  o.s.boot.web.embedded.tomcat.TomcatWebServer - Tomcat started on port(s): 8201 (http) with context path ''
2023-03-10 10:48:25.834 [restartedMain] INFO  com.atguigu.yygh.hosp.ServiceHospMainStarter - Started ServiceHospMainStarter in 3.681 seconds (JVM running for 4.583)
2023-03-10 10:48:25.834 [restartedMain] INFO  com.atguigu.yygh.hosp.ServiceHospMainStarter - Started ServiceHospMainStarter in 3.681 seconds (JVM running for 4.583)
2023-03-10 10:51:37.982 [Thread-2] INFO  o.s.scheduling.concurrent.ThreadPoolTaskExecutor - Shutting down ExecutorService 'applicationTaskExecutor'
2023-03-10 10:51:38.391 [restartedMain] INFO  com.atguigu.yygh.hosp.ServiceHospMainStarter - Starting ServiceHospMainStarter on ChenXW with PID 6092 (E:\project\java\springboot\yygh_parent\service\service_hosp\target\classes started by ChenXW in E:\project\java\springboot\yygh_parent)
2023-03-10 10:51:38.391 [restartedMain] INFO  com.atguigu.yygh.hosp.ServiceHospMainStarter - Starting ServiceHospMainStarter on ChenXW with PID 6092 (E:\project\java\springboot\yygh_parent\service\service_hosp\target\classes started by ChenXW in E:\project\java\springboot\yygh_parent)
2023-03-10 10:51:38.391 [restartedMain] INFO  com.atguigu.yygh.hosp.ServiceHospMainStarter - The following profiles are active: dev
2023-03-10 10:51:38.391 [restartedMain] INFO  com.atguigu.yygh.hosp.ServiceHospMainStarter - The following profiles are active: dev
2023-03-10 10:51:38.750 [restartedMain] INFO  o.s.d.r.config.RepositoryConfigurationDelegate - Bootstrapping Spring Data repositories in DEFAULT mode.
2023-03-10 10:51:38.756 [restartedMain] INFO  o.s.d.r.config.RepositoryConfigurationDelegate - Finished Spring Data repository scanning in 5ms. Found 0 repository interfaces.
2023-03-10 10:51:38.808 [restartedMain] INFO  o.s.c.s.PostProcessorRegistrationDelegate$BeanPostProcessorChecker - Bean 'org.springframework.transaction.annotation.ProxyTransactionManagementConfiguration' of type [org.springframework.transaction.annotation.ProxyTransactionManagementConfiguration] is not eligible for getting processed by all BeanPostProcessors (for example: not eligible for auto-proxying)
2023-03-10 10:51:38.920 [restartedMain] INFO  o.s.boot.web.embedded.tomcat.TomcatWebServer - Tomcat initialized with port(s): 8201 (http)
2023-03-10 10:51:38.921 [restartedMain] INFO  org.apache.coyote.http11.Http11NioProtocol - Initializing ProtocolHandler ["http-nio-8201"]
2023-03-10 10:51:38.922 [restartedMain] INFO  org.apache.catalina.core.StandardService - Starting service [Tomcat]
2023-03-10 10:51:38.922 [restartedMain] INFO  org.apache.catalina.core.StandardEngine - Starting Servlet engine: [Apache Tomcat/9.0.27]
2023-03-10 10:51:38.952 [restartedMain] INFO  o.a.c.core.ContainerBase.[Tomcat].[localhost].[/] - Initializing Spring embedded WebApplicationContext
2023-03-10 10:51:38.952 [restartedMain] INFO  org.springframework.web.context.ContextLoader - Root WebApplicationContext: initialization completed in 558 ms
2023-03-10 10:51:39.410 [restartedMain] INFO  s.d.s.w.PropertySourcedRequestMappingHandlerMapping - Mapped URL path [/v2/api-docs] onto method [springfox.documentation.swagger2.web.Swagger2Controller#getDocumentation(String, HttpServletRequest)]
2023-03-10 10:51:39.445 [restartedMain] INFO  o.s.scheduling.concurrent.ThreadPoolTaskExecutor - Initializing ExecutorService 'applicationTaskExecutor'
2023-03-10 10:51:39.483 [restartedMain] INFO  org.mongodb.driver.cluster - Cluster created with settings {hosts=[192.168.200.148:27017], mode=SINGLE, requiredClusterType=UNKNOWN, serverSelectionTimeout='30000 ms', maxWaitQueueSize=500}
2023-03-10 10:51:39.488 [cluster-ClusterId{value='640a9b3bafc5620e1878f160', description='null'}-192.168.200.148:27017] INFO  org.mongodb.driver.connection - Opened connection [connectionId{localValue:2, serverValue:12}] to 192.168.200.148:27017
2023-03-10 10:51:39.490 [cluster-ClusterId{value='640a9b3bafc5620e1878f160', description='null'}-192.168.200.148:27017] INFO  org.mongodb.driver.cluster - Monitor thread successfully connected to server with description ServerDescription{address=192.168.200.148:27017, type=STANDALONE, state=CONNECTED, ok=true, version=ServerVersion{versionList=[4, 4, 8]}, minWireVersion=0, maxWireVersion=9, maxDocumentSize=16777216, logicalSessionTimeoutMinutes=30, roundTripTimeNanos=1003000}
2023-03-10 10:51:39.560 [restartedMain] INFO  s.d.s.web.plugins.DocumentationPluginsBootstrapper - Context refreshed
2023-03-10 10:51:39.562 [restartedMain] INFO  s.d.s.web.plugins.DocumentationPluginsBootstrapper - Found 3 custom documentation plugin(s)
2023-03-10 10:51:39.573 [restartedMain] INFO  s.d.spring.web.scanners.ApiListingReferenceScanner - Scanning for api listing references
2023-03-10 10:51:39.580 [restartedMain] INFO  s.d.spring.web.scanners.ApiListingReferenceScanner - Scanning for api listing references
2023-03-10 10:51:39.648 [restartedMain] INFO  s.d.spring.web.scanners.ApiListingReferenceScanner - Scanning for api listing references
2023-03-10 10:51:39.651 [restartedMain] INFO  org.apache.coyote.http11.Http11NioProtocol - Starting ProtocolHandler ["http-nio-8201"]
2023-03-10 10:51:39.655 [restartedMain] INFO  o.s.boot.web.embedded.tomcat.TomcatWebServer - Tomcat started on port(s): 8201 (http) with context path ''
2023-03-10 10:51:39.656 [restartedMain] INFO  com.atguigu.yygh.hosp.ServiceHospMainStarter - Started ServiceHospMainStarter in 1.302 seconds (JVM running for 198.405)
2023-03-10 10:51:39.656 [restartedMain] INFO  com.atguigu.yygh.hosp.ServiceHospMainStarter - Started ServiceHospMainStarter in 1.302 seconds (JVM running for 198.405)
2023-03-10 10:51:39.658 [restartedMain] INFO  o.s.b.d.a.ConditionEvaluationDeltaLoggingListener - Condition evaluation unchanged
2023-03-10 10:52:49.563 [Thread-18] INFO  o.s.scheduling.concurrent.ThreadPoolTaskExecutor - Shutting down ExecutorService 'applicationTaskExecutor'
2023-03-10 10:52:50.069 [restartedMain] INFO  com.atguigu.yygh.hosp.ServiceHospMainStarter - Starting ServiceHospMainStarter on ChenXW with PID 6092 (E:\project\java\springboot\yygh_parent\service\service_hosp\target\classes started by ChenXW in E:\project\java\springboot\yygh_parent)
2023-03-10 10:52:50.069 [restartedMain] INFO  com.atguigu.yygh.hosp.ServiceHospMainStarter - Starting ServiceHospMainStarter on ChenXW with PID 6092 (E:\project\java\springboot\yygh_parent\service\service_hosp\target\classes started by ChenXW in E:\project\java\springboot\yygh_parent)
2023-03-10 10:52:50.070 [restartedMain] INFO  com.atguigu.yygh.hosp.ServiceHospMainStarter - The following profiles are active: dev
2023-03-10 10:52:50.070 [restartedMain] INFO  com.atguigu.yygh.hosp.ServiceHospMainStarter - The following profiles are active: dev
2023-03-10 10:52:50.391 [restartedMain] INFO  o.s.d.r.config.RepositoryConfigurationDelegate - Bootstrapping Spring Data repositories in DEFAULT mode.
2023-03-10 10:52:50.396 [restartedMain] INFO  o.s.d.r.config.RepositoryConfigurationDelegate - Finished Spring Data repository scanning in 4ms. Found 0 repository interfaces.
2023-03-10 10:52:50.445 [restartedMain] INFO  o.s.c.s.PostProcessorRegistrationDelegate$BeanPostProcessorChecker - Bean 'org.springframework.transaction.annotation.ProxyTransactionManagementConfiguration' of type [org.springframework.transaction.annotation.ProxyTransactionManagementConfiguration] is not eligible for getting processed by all BeanPostProcessors (for example: not eligible for auto-proxying)
2023-03-10 10:52:50.506 [restartedMain] INFO  o.s.boot.web.embedded.tomcat.TomcatWebServer - Tomcat initialized with port(s): 8201 (http)
2023-03-10 10:52:50.507 [restartedMain] INFO  org.apache.coyote.http11.Http11NioProtocol - Initializing ProtocolHandler ["http-nio-8201"]
2023-03-10 10:52:50.507 [restartedMain] INFO  org.apache.catalina.core.StandardService - Starting service [Tomcat]
2023-03-10 10:52:50.508 [restartedMain] INFO  org.apache.catalina.core.StandardEngine - Starting Servlet engine: [Apache Tomcat/9.0.27]
2023-03-10 10:52:50.523 [restartedMain] INFO  o.a.c.core.ContainerBase.[Tomcat].[localhost].[/] - Initializing Spring embedded WebApplicationContext
2023-03-10 10:52:50.524 [restartedMain] INFO  org.springframework.web.context.ContextLoader - Root WebApplicationContext: initialization completed in 450 ms
2023-03-10 10:52:50.920 [restartedMain] INFO  s.d.s.w.PropertySourcedRequestMappingHandlerMapping - Mapped URL path [/v2/api-docs] onto method [springfox.documentation.swagger2.web.Swagger2Controller#getDocumentation(String, HttpServletRequest)]
2023-03-10 10:52:50.952 [restartedMain] INFO  o.s.scheduling.concurrent.ThreadPoolTaskExecutor - Initializing ExecutorService 'applicationTaskExecutor'
2023-03-10 10:52:50.986 [restartedMain] INFO  org.mongodb.driver.cluster - Cluster created with settings {hosts=[192.168.200.148:27017], mode=SINGLE, requiredClusterType=UNKNOWN, serverSelectionTimeout='30000 ms', maxWaitQueueSize=500}
2023-03-10 10:52:50.990 [cluster-ClusterId{value='640a9b82afc5620e1878f161', description='null'}-192.168.200.148:27017] INFO  org.mongodb.driver.connection - Opened connection [connectionId{localValue:3, serverValue:15}] to 192.168.200.148:27017
2023-03-10 10:52:50.992 [cluster-ClusterId{value='640a9b82afc5620e1878f161', description='null'}-192.168.200.148:27017] INFO  org.mongodb.driver.cluster - Monitor thread successfully connected to server with description ServerDescription{address=192.168.200.148:27017, type=STANDALONE, state=CONNECTED, ok=true, version=ServerVersion{versionList=[4, 4, 8]}, minWireVersion=0, maxWireVersion=9, maxDocumentSize=16777216, logicalSessionTimeoutMinutes=30, roundTripTimeNanos=1114600}
2023-03-10 10:52:51.034 [restartedMain] INFO  s.d.s.web.plugins.DocumentationPluginsBootstrapper - Context refreshed
2023-03-10 10:52:51.035 [restartedMain] INFO  s.d.s.web.plugins.DocumentationPluginsBootstrapper - Found 3 custom documentation plugin(s)
2023-03-10 10:52:51.040 [restartedMain] INFO  s.d.spring.web.scanners.ApiListingReferenceScanner - Scanning for api listing references
2023-03-10 10:52:51.045 [restartedMain] INFO  s.d.spring.web.scanners.ApiListingReferenceScanner - Scanning for api listing references
2023-03-10 10:52:51.105 [restartedMain] INFO  s.d.spring.web.scanners.ApiListingReferenceScanner - Scanning for api listing references
2023-03-10 10:52:51.108 [restartedMain] INFO  org.apache.coyote.http11.Http11NioProtocol - Starting ProtocolHandler ["http-nio-8201"]
2023-03-10 10:52:51.111 [restartedMain] INFO  o.s.boot.web.embedded.tomcat.TomcatWebServer - Tomcat started on port(s): 8201 (http) with context path ''
2023-03-10 10:52:51.111 [restartedMain] INFO  com.atguigu.yygh.hosp.ServiceHospMainStarter - Started ServiceHospMainStarter in 1.088 seconds (JVM running for 269.861)
2023-03-10 10:52:51.111 [restartedMain] INFO  com.atguigu.yygh.hosp.ServiceHospMainStarter - Started ServiceHospMainStarter in 1.088 seconds (JVM running for 269.861)
2023-03-10 10:52:51.113 [restartedMain] INFO  o.s.b.d.a.ConditionEvaluationDeltaLoggingListener - Condition evaluation unchanged
2023-03-10 10:57:10.904 [http-nio-8202-exec-1] INFO  o.a.c.core.ContainerBase.[Tomcat].[localhost].[/] - Initializing Spring DispatcherServlet 'dispatcherServlet'
2023-03-10 10:57:10.904 [http-nio-8202-exec-1] INFO  org.springframework.web.servlet.DispatcherServlet - Initializing Servlet 'dispatcherServlet'
2023-03-10 10:57:10.911 [http-nio-8202-exec-1] INFO  org.springframework.web.servlet.DispatcherServlet - Completed initialization in 7 ms
2023-03-10 10:57:11.063 [http-nio-8202-exec-2] INFO  io.lettuce.core.EpollProvider - Starting without optional epoll library
2023-03-10 10:57:11.065 [http-nio-8202-exec-2] INFO  io.lettuce.core.KqueueProvider - Starting without optional kqueue library
2023-03-10 10:57:11.690 [http-nio-8202-exec-2] INFO  com.zaxxer.hikari.HikariDataSource - HikariPool-1 - Starting...
2023-03-10 10:57:11.815 [http-nio-8202-exec-2] INFO  com.zaxxer.hikari.HikariDataSource - HikariPool-1 - Start completed.
2023-03-10 11:09:24.884 [http-nio-8201-exec-2] INFO  o.a.c.core.ContainerBase.[Tomcat].[localhost].[/] - Initializing Spring DispatcherServlet 'dispatcherServlet'
2023-03-10 11:09:24.884 [http-nio-8201-exec-2] INFO  org.springframework.web.servlet.DispatcherServlet - Initializing Servlet 'dispatcherServlet'
2023-03-10 11:09:24.891 [http-nio-8201-exec-2] INFO  org.springframework.web.servlet.DispatcherServlet - Completed initialization in 6 ms
2023-03-10 11:09:24.961 [http-nio-8201-exec-2] INFO  com.zaxxer.hikari.HikariDataSource - HikariPool-1 - Starting...
2023-03-10 11:09:25.086 [http-nio-8201-exec-2] INFO  com.zaxxer.hikari.HikariDataSource - HikariPool-1 - Start completed.
2023-03-10 11:50:04.650 [cluster-ClusterId{value='640a9b82afc5620e1878f161', description='null'}-192.168.200.148:27017] INFO  org.mongodb.driver.connection - Opened connection [connectionId{localValue:4, serverValue:18}] to 192.168.200.148:27017
2023-03-10 13:46:16.935 [Thread-23] INFO  o.s.scheduling.concurrent.ThreadPoolTaskExecutor - Shutting down ExecutorService 'applicationTaskExecutor'
2023-03-10 13:46:16.938 [Thread-23] INFO  com.zaxxer.hikari.HikariDataSource - HikariPool-1 - Shutdown initiated...
2023-03-10 13:46:16.943 [Thread-23] INFO  com.zaxxer.hikari.HikariDataSource - HikariPool-1 - Shutdown completed.
2023-03-10 13:46:17.506 [restartedMain] INFO  com.atguigu.yygh.hosp.ServiceHospMainStarter - Starting ServiceHospMainStarter on ChenXW with PID 6092 (E:\project\java\springboot\yygh_parent\service\service_hosp\target\classes started by ChenXW in E:\project\java\springboot\yygh_parent)
2023-03-10 13:46:17.506 [restartedMain] INFO  com.atguigu.yygh.hosp.ServiceHospMainStarter - Starting ServiceHospMainStarter on ChenXW with PID 6092 (E:\project\java\springboot\yygh_parent\service\service_hosp\target\classes started by ChenXW in E:\project\java\springboot\yygh_parent)
2023-03-10 13:46:17.507 [restartedMain] INFO  com.atguigu.yygh.hosp.ServiceHospMainStarter - The following profiles are active: dev
2023-03-10 13:46:17.507 [restartedMain] INFO  com.atguigu.yygh.hosp.ServiceHospMainStarter - The following profiles are active: dev
2023-03-10 13:46:17.903 [restartedMain] INFO  o.s.d.r.config.RepositoryConfigurationDelegate - Bootstrapping Spring Data repositories in DEFAULT mode.
2023-03-10 13:46:17.907 [restartedMain] INFO  o.s.d.r.config.RepositoryConfigurationDelegate - Finished Spring Data repository scanning in 3ms. Found 0 repository interfaces.
2023-03-10 13:46:17.956 [restartedMain] INFO  o.s.c.s.PostProcessorRegistrationDelegate$BeanPostProcessorChecker - Bean 'org.springframework.transaction.annotation.ProxyTransactionManagementConfiguration' of type [org.springframework.transaction.annotation.ProxyTransactionManagementConfiguration] is not eligible for getting processed by all BeanPostProcessors (for example: not eligible for auto-proxying)
2023-03-10 13:46:18.055 [restartedMain] INFO  o.s.boot.web.embedded.tomcat.TomcatWebServer - Tomcat initialized with port(s): 8201 (http)
2023-03-10 13:46:18.056 [restartedMain] INFO  org.apache.coyote.http11.Http11NioProtocol - Initializing ProtocolHandler ["http-nio-8201"]
2023-03-10 13:46:18.056 [restartedMain] INFO  org.apache.catalina.core.StandardService - Starting service [Tomcat]
2023-03-10 13:46:18.056 [restartedMain] INFO  org.apache.catalina.core.StandardEngine - Starting Servlet engine: [Apache Tomcat/9.0.27]
2023-03-10 13:46:18.076 [restartedMain] INFO  o.a.c.core.ContainerBase.[Tomcat].[localhost].[/] - Initializing Spring embedded WebApplicationContext
2023-03-10 13:46:18.077 [restartedMain] INFO  org.springframework.web.context.ContextLoader - Root WebApplicationContext: initialization completed in 567 ms
2023-03-10 13:46:18.595 [restartedMain] INFO  s.d.s.w.PropertySourcedRequestMappingHandlerMapping - Mapped URL path [/v2/api-docs] onto method [springfox.documentation.swagger2.web.Swagger2Controller#getDocumentation(String, HttpServletRequest)]
2023-03-10 13:46:18.636 [restartedMain] INFO  o.s.scheduling.concurrent.ThreadPoolTaskExecutor - Initializing ExecutorService 'applicationTaskExecutor'
2023-03-10 13:46:18.675 [restartedMain] INFO  org.mongodb.driver.cluster - Cluster created with settings {hosts=[192.168.200.148:27017], mode=SINGLE, requiredClusterType=UNKNOWN, serverSelectionTimeout='30000 ms', maxWaitQueueSize=500}
2023-03-10 13:46:18.679 [cluster-ClusterId{value='640ac42aafc5620e1878f162', description='null'}-192.168.200.148:27017] INFO  org.mongodb.driver.connection - Opened connection [connectionId{localValue:5, serverValue:20}] to 192.168.200.148:27017
2023-03-10 13:46:18.681 [cluster-ClusterId{value='640ac42aafc5620e1878f162', description='null'}-192.168.200.148:27017] INFO  org.mongodb.driver.cluster - Monitor thread successfully connected to server with description ServerDescription{address=192.168.200.148:27017, type=STANDALONE, state=CONNECTED, ok=true, version=ServerVersion{versionList=[4, 4, 8]}, minWireVersion=0, maxWireVersion=9, maxDocumentSize=16777216, logicalSessionTimeoutMinutes=30, roundTripTimeNanos=494600}
2023-03-10 13:46:18.777 [restartedMain] INFO  s.d.s.web.plugins.DocumentationPluginsBootstrapper - Context refreshed
2023-03-10 13:46:18.779 [restartedMain] INFO  s.d.s.web.plugins.DocumentationPluginsBootstrapper - Found 3 custom documentation plugin(s)
2023-03-10 13:46:18.790 [restartedMain] INFO  s.d.spring.web.scanners.ApiListingReferenceScanner - Scanning for api listing references
2023-03-10 13:46:18.795 [restartedMain] INFO  s.d.spring.web.scanners.ApiListingReferenceScanner - Scanning for api listing references
2023-03-10 13:46:18.858 [restartedMain] INFO  s.d.spring.web.scanners.ApiListingReferenceScanner - Scanning for api listing references
2023-03-10 13:46:18.862 [restartedMain] INFO  org.apache.coyote.http11.Http11NioProtocol - Starting ProtocolHandler ["http-nio-8201"]
2023-03-10 13:46:18.864 [restartedMain] INFO  o.s.boot.web.embedded.tomcat.TomcatWebServer - Tomcat started on port(s): 8201 (http) with context path ''
2023-03-10 13:46:18.865 [restartedMain] INFO  com.atguigu.yygh.hosp.ServiceHospMainStarter - Started ServiceHospMainStarter in 1.402 seconds (JVM running for 10677.619)
2023-03-10 13:46:18.865 [restartedMain] INFO  com.atguigu.yygh.hosp.ServiceHospMainStarter - Started ServiceHospMainStarter in 1.402 seconds (JVM running for 10677.619)
2023-03-10 13:46:18.868 [restartedMain] INFO  o.s.b.d.a.ConditionEvaluationDeltaLoggingListener - Condition evaluation unchanged
2023-03-10 14:10:44.229 [cluster-ClusterId{value='640ac42aafc5620e1878f162', description='null'}-192.168.200.148:27017] INFO  org.mongodb.driver.connection - Opened connection [connectionId{localValue:6, serverValue:26}] to 192.168.200.148:27017
2023-03-10 15:16:46.991 [SpringContextShutdownHook] INFO  o.s.scheduling.concurrent.ThreadPoolTaskExecutor - Shutting down ExecutorService 'applicationTaskExecutor'
2023-03-10 15:16:47.031 [SpringContextShutdownHook] INFO  o.s.scheduling.concurrent.ThreadPoolTaskExecutor - Shutting down ExecutorService 'applicationTaskExecutor'
2023-03-10 15:16:47.141 [SpringContextShutdownHook] INFO  com.zaxxer.hikari.HikariDataSource - HikariPool-1 - Shutdown initiated...
2023-03-10 15:16:47.146 [SpringContextShutdownHook] INFO  com.zaxxer.hikari.HikariDataSource - HikariPool-1 - Shutdown completed.
