2023-03-06 13:52:09.147 [restartedMain] INFO  com.atguigu.yygh.hosp.ServiceHospMainStarter - Starting ServiceHospMainStarter on ChenXW with PID 22388 (E:\project\java\springboot\yygh_parent\service\service_hosp\target\classes started by ChenXW in E:\project\java\springboot\yygh_parent)
2023-03-06 13:52:09.147 [restartedMain] INFO  com.atguigu.yygh.hosp.ServiceHospMainStarter - Starting ServiceHospMainStarter on ChenXW with PID 22388 (E:\project\java\springboot\yygh_parent\service\service_hosp\target\classes started by ChenXW in E:\project\java\springboot\yygh_parent)
2023-03-06 13:52:09.150 [restartedMain] INFO  com.atguigu.yygh.hosp.ServiceHospMainStarter - The following profiles are active: dev
2023-03-06 13:52:09.150 [restartedMain] INFO  com.atguigu.yygh.hosp.ServiceHospMainStarter - The following profiles are active: dev
2023-03-06 13:52:09.212 [restartedMain] INFO  o.s.b.d.env.DevToolsPropertyDefaultsPostProcessor - Devtools property defaults active! Set 'spring.devtools.add-properties' to 'false' to disable
2023-03-06 13:52:09.212 [restartedMain] INFO  o.s.b.d.env.DevToolsPropertyDefaultsPostProcessor - For additional web related logging consider setting the 'logging.level.web' property to 'DEBUG'
2023-03-06 13:52:10.058 [restartedMain] INFO  o.s.c.s.PostProcessorRegistrationDelegate$BeanPostProcessorChecker - Bean 'org.springframework.transaction.annotation.ProxyTransactionManagementConfiguration' of type [org.springframework.transaction.annotation.ProxyTransactionManagementConfiguration] is not eligible for getting processed by all BeanPostProcessors (for example: not eligible for auto-proxying)
2023-03-06 13:52:10.309 [restartedMain] INFO  o.s.boot.web.embedded.tomcat.TomcatWebServer - Tomcat initialized with port(s): 8201 (http)
2023-03-06 13:52:10.318 [restartedMain] INFO  org.apache.coyote.http11.Http11NioProtocol - Initializing ProtocolHandler ["http-nio-8201"]
2023-03-06 13:52:10.319 [restartedMain] INFO  org.apache.catalina.core.StandardService - Starting service [Tomcat]
2023-03-06 13:52:10.319 [restartedMain] INFO  org.apache.catalina.core.StandardEngine - Starting Servlet engine: [Apache Tomcat/9.0.27]
2023-03-06 13:52:10.402 [restartedMain] INFO  o.a.c.core.ContainerBase.[Tomcat].[localhost].[/] - Initializing Spring embedded WebApplicationContext
2023-03-06 13:52:10.402 [restartedMain] INFO  org.springframework.web.context.ContextLoader - Root WebApplicationContext: initialization completed in 1189 ms
2023-03-06 13:52:11.452 [restartedMain] INFO  s.d.s.w.PropertySourcedRequestMappingHandlerMapping - Mapped URL path [/v2/api-docs] onto method [springfox.documentation.swagger2.web.Swagger2Controller#getDocumentation(String, HttpServletRequest)]
2023-03-06 13:52:11.513 [restartedMain] INFO  o.s.scheduling.concurrent.ThreadPoolTaskExecutor - Initializing ExecutorService 'applicationTaskExecutor'
2023-03-06 13:52:11.538 [restartedMain] INFO  o.s.b.d.autoconfigure.OptionalLiveReloadServer - LiveReload server is running on port 35729
2023-03-06 13:52:11.638 [restartedMain] INFO  s.d.s.web.plugins.DocumentationPluginsBootstrapper - Context refreshed
2023-03-06 13:52:11.647 [restartedMain] INFO  s.d.s.web.plugins.DocumentationPluginsBootstrapper - Found 3 custom documentation plugin(s)
2023-03-06 13:52:11.666 [restartedMain] INFO  s.d.spring.web.scanners.ApiListingReferenceScanner - Scanning for api listing references
2023-03-06 13:52:11.677 [restartedMain] INFO  s.d.spring.web.scanners.ApiListingReferenceScanner - Scanning for api listing references
2023-03-06 13:52:11.798 [restartedMain] INFO  s.d.spring.web.scanners.ApiListingReferenceScanner - Scanning for api listing references
2023-03-06 13:52:11.805 [restartedMain] INFO  org.apache.coyote.http11.Http11NioProtocol - Starting ProtocolHandler ["http-nio-8201"]
2023-03-06 13:52:11.821 [restartedMain] INFO  o.s.boot.web.embedded.tomcat.TomcatWebServer - Tomcat started on port(s): 8201 (http) with context path ''
2023-03-06 13:52:11.823 [restartedMain] INFO  com.atguigu.yygh.hosp.ServiceHospMainStarter - Started ServiceHospMainStarter in 3.103 seconds (JVM running for 4.315)
2023-03-06 13:52:11.823 [restartedMain] INFO  com.atguigu.yygh.hosp.ServiceHospMainStarter - Started ServiceHospMainStarter in 3.103 seconds (JVM running for 4.315)
2023-03-06 14:01:17.384 [SpringContextShutdownHook] INFO  o.s.scheduling.concurrent.ThreadPoolTaskExecutor - Shutting down ExecutorService 'applicationTaskExecutor'
2023-03-06 16:07:35.854 [restartedMain] INFO  com.atguigu.yygh.hosp.ServiceHospMainStarter - Starting ServiceHospMainStarter on ChenXW with PID 17024 (E:\project\java\springboot\yygh_parent\service\service_hosp\target\classes started by ChenXW in E:\project\java\springboot\yygh_parent)
2023-03-06 16:07:35.854 [restartedMain] INFO  com.atguigu.yygh.hosp.ServiceHospMainStarter - Starting ServiceHospMainStarter on ChenXW with PID 17024 (E:\project\java\springboot\yygh_parent\service\service_hosp\target\classes started by ChenXW in E:\project\java\springboot\yygh_parent)
2023-03-06 16:07:35.857 [restartedMain] INFO  com.atguigu.yygh.hosp.ServiceHospMainStarter - The following profiles are active: dev
2023-03-06 16:07:35.857 [restartedMain] INFO  com.atguigu.yygh.hosp.ServiceHospMainStarter - The following profiles are active: dev
2023-03-06 16:07:35.945 [restartedMain] INFO  o.s.b.d.env.DevToolsPropertyDefaultsPostProcessor - Devtools property defaults active! Set 'spring.devtools.add-properties' to 'false' to disable
2023-03-06 16:07:35.946 [restartedMain] INFO  o.s.b.d.env.DevToolsPropertyDefaultsPostProcessor - For additional web related logging consider setting the 'logging.level.web' property to 'DEBUG'
2023-03-06 16:07:36.787 [restartedMain] INFO  o.s.c.s.PostProcessorRegistrationDelegate$BeanPostProcessorChecker - Bean 'org.springframework.transaction.annotation.ProxyTransactionManagementConfiguration' of type [org.springframework.transaction.annotation.ProxyTransactionManagementConfiguration] is not eligible for getting processed by all BeanPostProcessors (for example: not eligible for auto-proxying)
2023-03-06 16:07:37.007 [restartedMain] INFO  o.s.boot.web.embedded.tomcat.TomcatWebServer - Tomcat initialized with port(s): 8201 (http)
2023-03-06 16:07:37.013 [restartedMain] INFO  org.apache.coyote.http11.Http11NioProtocol - Initializing ProtocolHandler ["http-nio-8201"]
2023-03-06 16:07:37.014 [restartedMain] INFO  org.apache.catalina.core.StandardService - Starting service [Tomcat]
2023-03-06 16:07:37.014 [restartedMain] INFO  org.apache.catalina.core.StandardEngine - Starting Servlet engine: [Apache Tomcat/9.0.27]
2023-03-06 16:07:37.081 [restartedMain] INFO  o.a.c.core.ContainerBase.[Tomcat].[localhost].[/] - Initializing Spring embedded WebApplicationContext
2023-03-06 16:07:37.081 [restartedMain] INFO  org.springframework.web.context.ContextLoader - Root WebApplicationContext: initialization completed in 1135 ms
2023-03-06 16:07:38.086 [restartedMain] INFO  s.d.s.w.PropertySourcedRequestMappingHandlerMapping - Mapped URL path [/v2/api-docs] onto method [springfox.documentation.swagger2.web.Swagger2Controller#getDocumentation(String, HttpServletRequest)]
2023-03-06 16:07:38.152 [restartedMain] INFO  o.s.scheduling.concurrent.ThreadPoolTaskExecutor - Initializing ExecutorService 'applicationTaskExecutor'
2023-03-06 16:07:38.184 [restartedMain] INFO  o.s.b.d.autoconfigure.OptionalLiveReloadServer - LiveReload server is running on port 35729
2023-03-06 16:07:38.280 [restartedMain] INFO  s.d.s.web.plugins.DocumentationPluginsBootstrapper - Context refreshed
2023-03-06 16:07:38.292 [restartedMain] INFO  s.d.s.web.plugins.DocumentationPluginsBootstrapper - Found 3 custom documentation plugin(s)
2023-03-06 16:07:38.315 [restartedMain] INFO  s.d.spring.web.scanners.ApiListingReferenceScanner - Scanning for api listing references
2023-03-06 16:07:38.327 [restartedMain] INFO  s.d.spring.web.scanners.ApiListingReferenceScanner - Scanning for api listing references
2023-03-06 16:07:38.452 [restartedMain] INFO  s.d.spring.web.scanners.ApiListingReferenceScanner - Scanning for api listing references
2023-03-06 16:07:38.458 [restartedMain] INFO  org.apache.coyote.http11.Http11NioProtocol - Starting ProtocolHandler ["http-nio-8201"]
2023-03-06 16:07:38.473 [restartedMain] INFO  o.s.boot.web.embedded.tomcat.TomcatWebServer - Tomcat started on port(s): 8201 (http) with context path ''
2023-03-06 16:07:38.476 [restartedMain] INFO  com.atguigu.yygh.hosp.ServiceHospMainStarter - Started ServiceHospMainStarter in 3.063 seconds (JVM running for 4.021)
2023-03-06 16:07:38.476 [restartedMain] INFO  com.atguigu.yygh.hosp.ServiceHospMainStarter - Started ServiceHospMainStarter in 3.063 seconds (JVM running for 4.021)
2023-03-06 16:21:40.388 [http-nio-8201-exec-1] INFO  o.a.c.core.ContainerBase.[Tomcat].[localhost].[/] - Initializing Spring DispatcherServlet 'dispatcherServlet'
2023-03-06 16:21:40.390 [http-nio-8201-exec-1] INFO  org.springframework.web.servlet.DispatcherServlet - Initializing Servlet 'dispatcherServlet'
2023-03-06 16:21:40.405 [http-nio-8201-exec-1] INFO  org.springframework.web.servlet.DispatcherServlet - Completed initialization in 14 ms
2023-03-06 22:51:27.612 [SpringContextShutdownHook] INFO  o.s.scheduling.concurrent.ThreadPoolTaskExecutor - Shutting down ExecutorService 'applicationTaskExecutor'
