2023-03-08 09:34:11.621 [http-nio-8201-exec-5] WARN  o.s.w.s.m.m.a.ExceptionHandlerExceptionResolver - Resolved [org.springframework.web.bind.MissingPathVariableException: Missing URI template variable 'pageNum' for method parameter of type Integer]
2023-03-08 09:34:53.941 [http-nio-8201-exec-6] WARN  o.s.w.s.m.m.a.ExceptionHandlerExceptionResolver - Resolved [org.springframework.web.bind.MissingServletRequestParameterException: Required Integer parameter 'id' is not present]
2023-03-08 09:34:57.595 [http-nio-8201-exec-8] WARN  o.s.w.s.m.m.a.ExceptionHandlerExceptionResolver - Resolved [org.springframework.web.bind.MissingPathVariableException: Missing URI template variable 'pageNum' for method parameter of type Integer]
2023-03-08 09:35:00.486 [http-nio-8201-exec-10] WARN  o.s.w.s.m.m.a.ExceptionHandlerExceptionResolver - Resolved [org.springframework.web.bind.MissingPathVariableException: Missing URI template variable 'pageNum' for method parameter of type Integer]
2023-03-08 09:54:07.886 [http-nio-8201-exec-10] WARN  o.s.w.s.m.m.a.ExceptionHandlerExceptionResolver - Resolved [org.springframework.web.HttpRequestMethodNotSupportedException: Request method 'GET' not supported]
2023-03-08 11:35:10.468 [HikariPool-1 housekeeper] WARN  com.zaxxer.hikari.pool.HikariPool - HikariPool-1 - Thread starvation or clock leap detected (housekeeper delta=1h26m27s776ms79µs400ns).
2023-03-08 19:20:13.313 [HikariPool-1 housekeeper] WARN  com.zaxxer.hikari.pool.HikariPool - HikariPool-1 - Thread starvation or clock leap detected (housekeeper delta=6h23m3s916ms616µs).
2023-03-08 22:38:41.759 [http-nio-8201-exec-10] WARN  o.s.w.s.m.m.a.ExceptionHandlerExceptionResolver - Resolved [org.springframework.web.bind.MissingServletRequestParameterException: Required Integer parameter 'id' is not present]
2023-03-08 22:38:57.559 [http-nio-8201-exec-1] WARN  o.s.w.s.m.m.a.ExceptionHandlerExceptionResolver - Resolved [org.springframework.web.bind.MissingServletRequestParameterException: Required Integer parameter 'id' is not present]
2023-03-08 22:39:04.795 [http-nio-8201-exec-3] WARN  o.s.w.s.m.m.a.ExceptionHandlerExceptionResolver - Resolved [org.springframework.web.bind.MissingServletRequestParameterException: Required Integer parameter 'id' is not present]
2023-03-08 22:40:06.113 [http-nio-8201-exec-5] WARN  o.s.w.s.m.m.a.ExceptionHandlerExceptionResolver - Resolved [org.springframework.web.bind.MissingServletRequestParameterException: Required Integer parameter 'id' is not present]
2023-03-08 22:40:27.602 [http-nio-8201-exec-2] WARN  o.s.w.s.m.m.a.ExceptionHandlerExceptionResolver - Resolved [org.springframework.web.bind.MissingServletRequestParameterException: Required Integer parameter 'id' is not present]
2023-03-08 22:41:27.675 [http-nio-8201-exec-5] WARN  o.s.w.s.m.m.a.ExceptionHandlerExceptionResolver - Resolved [org.springframework.web.bind.MissingServletRequestParameterException: Required Integer parameter 'id' is not present]
2023-03-08 22:54:54.536 [http-nio-8201-exec-5] WARN  o.s.w.s.m.m.a.ExceptionHandlerExceptionResolver - Resolved [org.springframework.dao.DuplicateKeyException: 
### Error updating database.  Cause: com.mysql.jdbc.exceptions.jdbc4.MySQLIntegrityConstraintViolationException: Duplicate entry '10005' for key 'uk_hoscode'
### The error may exist in com/atguigu/yygh/hosp/mapper/HospitalSetMapper.java (best guess)
### The error may involve com.atguigu.yygh.hosp.mapper.HospitalSetMapper.insert-Inline
### The error occurred while setting parameters
### SQL: INSERT INTO hospital_set  ( hosname, hoscode, api_url, sign_key, contacts_name, contacts_phone, status )  VALUES  ( ?, ?, ?, ?, ?, ?, ? )
### Cause: com.mysql.jdbc.exceptions.jdbc4.MySQLIntegrityConstraintViolationException: Duplicate entry '10005' for key 'uk_hoscode'
; Duplicate entry '10005' for key 'uk_hoscode'; nested exception is com.mysql.jdbc.exceptions.jdbc4.MySQLIntegrityConstraintViolationException: Duplicate entry '10005' for key 'uk_hoscode']
2023-03-08 23:00:01.285 [http-nio-8201-exec-1] WARN  o.s.w.s.m.m.a.ExceptionHandlerExceptionResolver - Resolved [org.springframework.dao.DuplicateKeyException: 
### Error updating database.  Cause: com.mysql.jdbc.exceptions.jdbc4.MySQLIntegrityConstraintViolationException: Duplicate entry '10006' for key 'uk_hoscode'
### The error may exist in com/atguigu/yygh/hosp/mapper/HospitalSetMapper.java (best guess)
### The error may involve com.atguigu.yygh.hosp.mapper.HospitalSetMapper.insert-Inline
### The error occurred while setting parameters
### SQL: INSERT INTO hospital_set  ( hosname, hoscode, api_url, sign_key, contacts_name, contacts_phone, status )  VALUES  ( ?, ?, ?, ?, ?, ?, ? )
### Cause: com.mysql.jdbc.exceptions.jdbc4.MySQLIntegrityConstraintViolationException: Duplicate entry '10006' for key 'uk_hoscode'
; Duplicate entry '10006' for key 'uk_hoscode'; nested exception is com.mysql.jdbc.exceptions.jdbc4.MySQLIntegrityConstraintViolationException: Duplicate entry '10006' for key 'uk_hoscode']
