2023-03-10 08:53:04.279 [restartedMain] INFO  com.atguigu.yygh.cmn.ServiceCmnApplication - Starting ServiceCmnApplication on ChenXW with PID 13848 (E:\project\java\springboot\yygh_parent\service\service_cmn\target\classes started by ChenXW in E:\project\java\springboot\yygh_parent)
2023-03-10 08:53:04.279 [restartedMain] INFO  com.atguigu.yygh.cmn.ServiceCmnApplication - Starting ServiceCmnApplication on ChenXW with PID 13848 (E:\project\java\springboot\yygh_parent\service\service_cmn\target\classes started by ChenXW in E:\project\java\springboot\yygh_parent)
2023-03-10 08:53:04.283 [restartedMain] INFO  com.atguigu.yygh.cmn.ServiceCmnApplication - The following profiles are active: dev
2023-03-10 08:53:04.283 [restartedMain] INFO  com.atguigu.yygh.cmn.ServiceCmnApplication - The following profiles are active: dev
2023-03-10 08:53:04.390 [restartedMain] INFO  o.s.boot.devtools.restart.ChangeableUrls - The Class-Path manifest attribute in E:\develop\apache-maven-3.6.3\repository\org\glassfish\jaxb\jaxb-runtime\2.3.2\jaxb-runtime-2.3.2.jar referenced one or more files that do not exist: file:/E:/develop/apache-maven-3.6.3/repository/org/glassfish/jaxb/jaxb-runtime/2.3.2/jakarta.xml.bind-api-2.3.2.jar,file:/E:/develop/apache-maven-3.6.3/repository/org/glassfish/jaxb/jaxb-runtime/2.3.2/txw2-2.3.2.jar,file:/E:/develop/apache-maven-3.6.3/repository/org/glassfish/jaxb/jaxb-runtime/2.3.2/istack-commons-runtime-3.0.8.jar,file:/E:/develop/apache-maven-3.6.3/repository/org/glassfish/jaxb/jaxb-runtime/2.3.2/stax-ex-1.8.1.jar,file:/E:/develop/apache-maven-3.6.3/repository/org/glassfish/jaxb/jaxb-runtime/2.3.2/FastInfoset-1.2.16.jar,file:/E:/develop/apache-maven-3.6.3/repository/org/glassfish/jaxb/jaxb-runtime/2.3.2/jakarta.activation-api-1.2.1.jar
2023-03-10 08:53:04.391 [restartedMain] INFO  o.s.b.d.env.DevToolsPropertyDefaultsPostProcessor - Devtools property defaults active! Set 'spring.devtools.add-properties' to 'false' to disable
2023-03-10 08:53:04.391 [restartedMain] INFO  o.s.b.d.env.DevToolsPropertyDefaultsPostProcessor - For additional web related logging consider setting the 'logging.level.web' property to 'DEBUG'
2023-03-10 08:53:05.387 [restartedMain] INFO  o.s.d.r.config.RepositoryConfigurationDelegate - Multiple Spring Data modules found, entering strict repository configuration mode!
2023-03-10 08:53:05.389 [restartedMain] INFO  o.s.d.r.config.RepositoryConfigurationDelegate - Bootstrapping Spring Data repositories in DEFAULT mode.
2023-03-10 08:53:05.415 [restartedMain] INFO  o.s.d.r.config.RepositoryConfigurationDelegate - Finished Spring Data repository scanning in 13ms. Found 0 repository interfaces.
2023-03-10 08:53:05.709 [restartedMain] INFO  o.s.c.s.PostProcessorRegistrationDelegate$BeanPostProcessorChecker - Bean 'org.springframework.transaction.annotation.ProxyTransactionManagementConfiguration' of type [org.springframework.transaction.annotation.ProxyTransactionManagementConfiguration] is not eligible for getting processed by all BeanPostProcessors (for example: not eligible for auto-proxying)
2023-03-10 08:53:06.082 [restartedMain] INFO  o.s.boot.web.embedded.tomcat.TomcatWebServer - Tomcat initialized with port(s): 8202 (http)
2023-03-10 08:53:06.109 [restartedMain] INFO  org.apache.coyote.http11.Http11NioProtocol - Initializing ProtocolHandler ["http-nio-8202"]
2023-03-10 08:53:06.110 [restartedMain] INFO  org.apache.catalina.core.StandardService - Starting service [Tomcat]
2023-03-10 08:53:06.110 [restartedMain] INFO  org.apache.catalina.core.StandardEngine - Starting Servlet engine: [Apache Tomcat/9.0.27]
2023-03-10 08:53:06.204 [restartedMain] INFO  o.a.c.core.ContainerBase.[Tomcat].[localhost].[/] - Initializing Spring embedded WebApplicationContext
2023-03-10 08:53:06.204 [restartedMain] INFO  org.springframework.web.context.ContextLoader - Root WebApplicationContext: initialization completed in 1813 ms
2023-03-10 08:53:07.527 [restartedMain] INFO  s.d.s.w.PropertySourcedRequestMappingHandlerMapping - Mapped URL path [/v2/api-docs] onto method [springfox.documentation.swagger2.web.Swagger2Controller#getDocumentation(String, HttpServletRequest)]
2023-03-10 08:53:07.624 [restartedMain] INFO  o.s.scheduling.concurrent.ThreadPoolTaskExecutor - Initializing ExecutorService 'applicationTaskExecutor'
2023-03-10 08:53:07.677 [restartedMain] INFO  o.s.b.d.autoconfigure.OptionalLiveReloadServer - LiveReload server is running on port 35729
2023-03-10 08:53:07.878 [restartedMain] INFO  s.d.s.web.plugins.DocumentationPluginsBootstrapper - Context refreshed
2023-03-10 08:53:07.892 [restartedMain] INFO  s.d.s.web.plugins.DocumentationPluginsBootstrapper - Found 3 custom documentation plugin(s)
2023-03-10 08:53:07.920 [restartedMain] INFO  s.d.spring.web.scanners.ApiListingReferenceScanner - Scanning for api listing references
2023-03-10 08:53:07.935 [restartedMain] INFO  s.d.spring.web.scanners.ApiListingReferenceScanner - Scanning for api listing references
2023-03-10 08:53:08.031 [restartedMain] INFO  s.d.spring.web.scanners.ApiListingReferenceScanner - Scanning for api listing references
2023-03-10 08:53:08.041 [restartedMain] INFO  org.apache.coyote.http11.Http11NioProtocol - Starting ProtocolHandler ["http-nio-8202"]
2023-03-10 08:53:08.061 [restartedMain] INFO  o.s.boot.web.embedded.tomcat.TomcatWebServer - Tomcat started on port(s): 8202 (http) with context path ''
2023-03-10 08:53:08.064 [restartedMain] INFO  com.atguigu.yygh.cmn.ServiceCmnApplication - Started ServiceCmnApplication in 4.357 seconds (JVM running for 5.515)
2023-03-10 08:53:08.064 [restartedMain] INFO  com.atguigu.yygh.cmn.ServiceCmnApplication - Started ServiceCmnApplication in 4.357 seconds (JVM running for 5.515)
2023-03-10 08:53:09.619 [restartedMain] INFO  com.atguigu.yygh.hosp.ServiceHospMainStarter - Starting ServiceHospMainStarter on ChenXW with PID 8008 (E:\project\java\springboot\yygh_parent\service\service_hosp\target\classes started by ChenXW in E:\project\java\springboot\yygh_parent)
2023-03-10 08:53:09.619 [restartedMain] INFO  com.atguigu.yygh.hosp.ServiceHospMainStarter - Starting ServiceHospMainStarter on ChenXW with PID 8008 (E:\project\java\springboot\yygh_parent\service\service_hosp\target\classes started by ChenXW in E:\project\java\springboot\yygh_parent)
2023-03-10 08:53:09.623 [restartedMain] INFO  com.atguigu.yygh.hosp.ServiceHospMainStarter - The following profiles are active: dev
2023-03-10 08:53:09.623 [restartedMain] INFO  com.atguigu.yygh.hosp.ServiceHospMainStarter - The following profiles are active: dev
2023-03-10 08:53:09.715 [restartedMain] INFO  o.s.b.d.env.DevToolsPropertyDefaultsPostProcessor - Devtools property defaults active! Set 'spring.devtools.add-properties' to 'false' to disable
2023-03-10 08:53:09.715 [restartedMain] INFO  o.s.b.d.env.DevToolsPropertyDefaultsPostProcessor - For additional web related logging consider setting the 'logging.level.web' property to 'DEBUG'
2023-03-10 08:53:11.265 [restartedMain] INFO  o.s.c.s.PostProcessorRegistrationDelegate$BeanPostProcessorChecker - Bean 'org.springframework.transaction.annotation.ProxyTransactionManagementConfiguration' of type [org.springframework.transaction.annotation.ProxyTransactionManagementConfiguration] is not eligible for getting processed by all BeanPostProcessors (for example: not eligible for auto-proxying)
2023-03-10 08:53:11.508 [restartedMain] INFO  o.s.boot.web.embedded.tomcat.TomcatWebServer - Tomcat initialized with port(s): 8201 (http)
2023-03-10 08:53:11.515 [restartedMain] INFO  org.apache.coyote.http11.Http11NioProtocol - Initializing ProtocolHandler ["http-nio-8201"]
2023-03-10 08:53:11.516 [restartedMain] INFO  org.apache.catalina.core.StandardService - Starting service [Tomcat]
2023-03-10 08:53:11.516 [restartedMain] INFO  org.apache.catalina.core.StandardEngine - Starting Servlet engine: [Apache Tomcat/9.0.27]
2023-03-10 08:53:11.589 [restartedMain] INFO  o.a.c.core.ContainerBase.[Tomcat].[localhost].[/] - Initializing Spring embedded WebApplicationContext
2023-03-10 08:53:11.589 [restartedMain] INFO  org.springframework.web.context.ContextLoader - Root WebApplicationContext: initialization completed in 1874 ms
2023-03-10 08:53:12.670 [restartedMain] INFO  s.d.s.w.PropertySourcedRequestMappingHandlerMapping - Mapped URL path [/v2/api-docs] onto method [springfox.documentation.swagger2.web.Swagger2Controller#getDocumentation(String, HttpServletRequest)]
2023-03-10 08:53:12.746 [restartedMain] INFO  o.s.scheduling.concurrent.ThreadPoolTaskExecutor - Initializing ExecutorService 'applicationTaskExecutor'
2023-03-10 08:53:12.886 [restartedMain] INFO  s.d.s.web.plugins.DocumentationPluginsBootstrapper - Context refreshed
2023-03-10 08:53:12.896 [restartedMain] INFO  s.d.s.web.plugins.DocumentationPluginsBootstrapper - Found 3 custom documentation plugin(s)
2023-03-10 08:53:12.921 [restartedMain] INFO  s.d.spring.web.scanners.ApiListingReferenceScanner - Scanning for api listing references
2023-03-10 08:53:12.933 [restartedMain] INFO  s.d.spring.web.scanners.ApiListingReferenceScanner - Scanning for api listing references
2023-03-10 08:53:13.081 [restartedMain] INFO  s.d.spring.web.scanners.ApiListingReferenceScanner - Scanning for api listing references
2023-03-10 08:53:13.090 [restartedMain] INFO  org.apache.coyote.http11.Http11NioProtocol - Starting ProtocolHandler ["http-nio-8201"]
2023-03-10 08:53:13.115 [restartedMain] INFO  o.s.boot.web.embedded.tomcat.TomcatWebServer - Tomcat started on port(s): 8201 (http) with context path ''
2023-03-10 08:53:13.120 [restartedMain] INFO  com.atguigu.yygh.hosp.ServiceHospMainStarter - Started ServiceHospMainStarter in 4.028 seconds (JVM running for 5.063)
2023-03-10 08:53:13.120 [restartedMain] INFO  com.atguigu.yygh.hosp.ServiceHospMainStarter - Started ServiceHospMainStarter in 4.028 seconds (JVM running for 5.063)
